Log file open, 12/06/18 09:25:34
LogWindows: Failed to load 'aqProf.dll' (GetLastError=126)
LogWindows: File 'aqProf.dll' does not exist
LogWindows: Failed to load 'VtuneApi.dll' (GetLastError=126)
LogWindows: File 'VtuneApi.dll' does not exist
LogWindows: Failed to load 'VtuneApi32e.dll' (GetLastError=126)
LogWindows: File 'VtuneApi32e.dll' does not exist
LogConsoleResponse: Display: Failed to find resolution value strings in scalability ini. Falling back to default.
LogInit: Display: Running engine for game: TeyonPong
LogPakFile: Registered encryption key '00000000000000000000000000000000': 0 pak files mounted, 0 remain pending
LogPlatformFile: Not using cached read wrapper
LogTaskGraph: Started task graph with 5 named threads and 11 total threads with 3 sets of task threads.
LogStats: Stats thread started at 0.396412
LogD3D11RHI: Loaded GFSDK_Aftermath_Lib.x64.dll
LogICUInternationalization: ICU TimeZone Detection - Raw Offset: +1:00, Platform Override: ''
LogPluginManager: Mounting plugin Paper2D
LogPluginManager: Mounting plugin AISupport
LogPluginManager: Mounting plugin LightPropagationVolume
LogPluginManager: Mounting plugin ActorLayerUtilities
LogPluginManager: Mounting plugin CLionSourceCodeAccess
LogPluginManager: Mounting plugin CodeLiteSourceCodeAccess
LogPluginManager: Mounting plugin GitSourceControl
LogPluginManager: Mounting plugin KDevelopSourceCodeAccess
LogPluginManager: Mounting plugin NullSourceCodeAccess
LogPluginManager: Mounting plugin PerforceSourceControl
LogPluginManager: Mounting plugin SubversionSourceControl
LogPluginManager: Mounting plugin UObjectPlugin
LogPluginManager: Mounting plugin VisualStudioCodeSourceCodeAccess
LogPluginManager: Mounting plugin VisualStudioSourceCodeAccess
LogPluginManager: Mounting plugin XCodeSourceCodeAccess
LogPluginManager: Mounting plugin AssetManagerEditor
LogPluginManager: Mounting plugin CryptoKeys
LogPluginManager: Mounting plugin DataValidation
LogPluginManager: Mounting plugin FacialAnimation
LogPluginManager: Mounting plugin GameplayTagsEditor
LogPluginManager: Mounting plugin MacGraphicsSwitching
LogPluginManager: Mounting plugin MeshEditor
LogPluginManager: Mounting plugin MobileLauncherProfileWizard
LogPluginManager: Mounting plugin PluginBrowser
LogPluginManager: Mounting plugin SpeedTreeImporter
LogPluginManager: Mounting plugin DatasmithContent
LogPluginManager: Mounting plugin VariantManagerContent
LogPluginManager: Mounting plugin AlembicImporter
LogPluginManager: Mounting plugin AppleImageUtils
LogPluginManager: Mounting plugin AppleVision
LogPluginManager: Mounting plugin BackChannel
LogPluginManager: Mounting plugin CharacterAI
LogPluginManager: Mounting plugin GeometryCache
LogPluginManager: Mounting plugin HTML5Networking
LogPluginManager: Mounting plugin ProxyLODPlugin
LogPluginManager: Mounting plugin MagicLeap
LogPluginManager: Mounting plugin MagicLeapMedia
LogPluginManager: Mounting plugin AndroidMedia
LogPluginManager: Mounting plugin AvfMedia
LogPluginManager: Mounting plugin ImgMedia
LogPluginManager: Mounting plugin LinearTimecode
LogPluginManager: Mounting plugin MediaCompositing
LogPluginManager: Mounting plugin MediaPlayerEditor
LogPluginManager: Mounting plugin WebMMedia
LogPluginManager: Mounting plugin WmfMedia
LogPluginManager: Mounting plugin TcpMessaging
LogPluginManager: Mounting plugin UdpMessaging
LogPluginManager: Mounting plugin ActorSequence
LogPluginManager: Mounting plugin LevelSequenceEditor
LogPluginManager: Mounting plugin MatineeToLevelSequence
LogPluginManager: Mounting plugin NetcodeUnitTest
LogPluginManager: Mounting plugin NUTUnrealEngine4
LogPluginManager: Mounting plugin OnlineSubsystemGooglePlay
LogPluginManager: Mounting plugin OnlineSubsystemIOS
LogPluginManager: Mounting plugin OnlineSubsystem
LogPluginManager: Mounting plugin OnlineSubsystemNull
LogPluginManager: Mounting plugin OnlineSubsystemUtils
LogPluginManager: Mounting plugin LauncherChunkInstaller
LogPluginManager: Mounting plugin AndroidDeviceProfileSelector
LogPluginManager: Mounting plugin AndroidMoviePlayer
LogPluginManager: Mounting plugin AndroidPermission
LogPluginManager: Mounting plugin AppleMoviePlayer
LogPluginManager: Mounting plugin ArchVisCharacter
LogPluginManager: Mounting plugin AudioCapture
LogPluginManager: Mounting plugin CableComponent
LogPluginManager: Mounting plugin CustomMeshComponent
LogPluginManager: Mounting plugin EditableMesh
LogPluginManager: Mounting plugin ExampleDeviceProfileSelector
LogPluginManager: Mounting plugin Firebase
LogPluginManager: Mounting plugin GoogleCloudMessaging
LogPluginManager: Mounting plugin IOSDeviceProfileSelector
LogPluginManager: Mounting plugin LinuxDeviceProfileSelector
LogPluginManager: Mounting plugin LocationServicesBPLibrary
LogPluginManager: Mounting plugin MobilePatchingUtils
LogPluginManager: Mounting plugin OculusVR
LogPluginManager: Mounting plugin PhysXVehicles
LogPluginManager: Mounting plugin ProceduralMeshComponent
LogPluginManager: Mounting plugin RuntimePhysXCooking
LogPluginManager: Mounting plugin SteamVR
LogPluginManager: Mounting plugin WebMMoviePlayer
LogPluginManager: Mounting plugin WindowsMoviePlayer
LogStreaming: Display: Took  1.789s to configure plugins.
LogInit: Using libcurl 7.55.1-DEV
LogInit:  - built for x86_64-pc-win32
LogInit:  - supports SSL with OpenSSL/1.0.2h
LogInit:  - supports HTTP deflate (compression) using libz 1.2.8
LogInit:  - other features:
LogInit:      CURL_VERSION_SSL
LogInit:      CURL_VERSION_LIBZ
LogInit:      CURL_VERSION_IPV6
LogInit:      CURL_VERSION_ASYNCHDNS
LogInit:      CURL_VERSION_LARGEFILE
LogInit:      CURL_VERSION_IDN
LogInit:  CurlRequestOptions (configurable via config and command line):
LogInit:  - bVerifyPeer = true  - Libcurl will verify peer certificate
LogInit:  - bUseHttpProxy = false  - Libcurl will NOT use HTTP proxy
LogInit:  - bDontReuseConnections = false  - Libcurl will reuse connections
LogInit:  - MaxHostConnections = 16  - Libcurl will limit the number of connections to a host
LogInit:  - LocalHostAddr = Default
LogInit:  - BufferSize = 65536
LogInit: WinSock: version 1.1 (2.2), MaxSocks=32767, MaxUdp=65467
LogInit: Build: ++UE4+Release-4.21-CL-4613538
LogInit: Engine Version: 4.21.1-4613538+++UE4+Release-4.21
LogInit: Compatible Engine Version: 4.21.0-4541578+++UE4+Release-4.21
LogInit: Net CL: 4541578
LogInit: OS: Windows 7 (Service Pack 1), CPU: Intel(R) Core(TM) i5-4210H CPU @ 2.90GHz, GPU: Intel(R) HD Graphics 4600
LogInit: Compiled (64-bit): Nov 30 2018 04:13:25
LogInit: Compiled with Visual C++: 19.13.26129.00
LogInit: Build Configuration: Development
LogInit: Branch Name: ++UE4+Release-4.21
LogInit: Command Line: 
LogInit: Base Directory: C:/Program Files/Epic Games/UE_4.21/Engine/Binaries/Win64/
LogInit: Installed Engine Build: 1
LogDevObjectVersion: Number of dev versions registered: 22
LogDevObjectVersion:   Dev-Blueprints (B0D832E4-1F89-4F0D-ACCF-7EB736FD4AA2): 10
LogDevObjectVersion:   Dev-Build (E1C64328-A22C-4D53-A36C-8E866417BD8C): 0
LogDevObjectVersion:   Dev-Core (375EC13C-06E4-48FB-B500-84F0262A717E): 2
LogDevObjectVersion:   Dev-Editor (E4B068ED-F494-42E9-A231-DA0B2E46BB41): 26
LogDevObjectVersion:   Dev-Framework (CFFC743F-43B0-4480-9391-14DF171D2073): 34
LogDevObjectVersion:   Dev-Mobile (B02B49B5-BB20-44E9-A304-32B752E40360): 2
LogDevObjectVersion:   Dev-Networking (A4E4105C-59A1-49B5-A7C5-40C4547EDFEE): 0
LogDevObjectVersion:   Dev-Online (39C831C9-5AE6-47DC-9A44-9C173E1C8E7C): 0
LogDevObjectVersion:   Dev-Physics (78F01B33-EBEA-4F98-B9B4-84EACCB95AA2): 0
LogDevObjectVersion:   Dev-Platform (6631380F-2D4D-43E0-8009-CF276956A95A): 0
LogDevObjectVersion:   Dev-Rendering (12F88B9F-8875-4AFC-A67C-D90C383ABD29): 27
LogDevObjectVersion:   Dev-Sequencer (7B5AE74C-D270-4C10-A958-57980B212A5A): 9
LogDevObjectVersion:   Dev-VR (D7296918-1DD6-4BDD-9DE2-64A83CC13884): 2
LogDevObjectVersion:   Dev-LoadTimes (C2A15278-BFE7-4AFE-6C17-90FF531DF755): 1
LogDevObjectVersion:   Private-Geometry (6EACA3D4-40EC-4CC1-B786-8BED09428FC5): 3
LogDevObjectVersion:   Dev-AnimPhys (29E575DD-E0A3-4627-9D10-D276232CDCEA): 17
LogDevObjectVersion:   Dev-Anim (AF43A65D-7FD3-4947-9873-3E8ED9C1BB05): 2
LogDevObjectVersion:   Dev-ReflectionCapture (6B266CEC-1EC7-4B8F-A30B-E4D90942FC07): 1
LogDevObjectVersion:   Dev-Automation (0DF73D61-A23F-47EA-B727-89E90C41499A): 1
LogDevObjectVersion:   FortniteMain (601D1886-AC64-4F84-AA16-D3DE0DEAC7D6): 17
LogDevObjectVersion:   Dev-Enterprise (9DFFBCD6-494F-0158-E221-12823C92A888): 4
LogDevObjectVersion:   Dev-Niagara (F2AED0AC-9AFE-416F-8664-AA7FFA26D6FC): 1
LogStreaming: Display: Took  0.056s to delete old logs.
LogInit: Presizing for max 8388607 objects, including 0 objects not considered by GC, pre-allocating 0 bytes for permanent pool.
LogInit: Object subsystem initialized
LogConfig: Setting CVar [[con.DebugEarlyDefault:1]]
LogConfig: Setting CVar [[r.setres:1280x720]]
[2018.12.06-08.26.05:542][  0]LogConfig: Setting CVar [[r.VSync:0]]
[2018.12.06-08.26.05:542][  0]LogConfig: Setting CVar [[r.RHICmdBypass:0]]
[2018.12.06-08.26.05:542][  0]LogConfig: Applying CVar settings from Section [/Script/Engine.RendererSettings] File [E:/Praca/Teyon test/Pong/TeyonPong/Saved/Config/Windows/Engine.ini]
[2018.12.06-08.26.05:542][  0]LogConfig: Setting CVar [[r.GPUCrashDebugging:0]]
[2018.12.06-08.26.05:542][  0]LogConfig: Applying CVar settings from Section [/Script/Engine.RendererOverrideSettings] File [E:/Praca/Teyon test/Pong/TeyonPong/Saved/Config/Windows/Engine.ini]
[2018.12.06-08.26.05:542][  0]LogConfig: Applying CVar settings from Section [/Script/Engine.StreamingSettings] File [E:/Praca/Teyon test/Pong/TeyonPong/Saved/Config/Windows/Engine.ini]
[2018.12.06-08.26.05:542][  0]LogConfig: Setting CVar [[s.MinBulkDataSizeForAsyncLoading:131072]]
[2018.12.06-08.26.05:543][  0]LogConfig: Setting CVar [[s.AsyncLoadingThreadEnabled:0]]
[2018.12.06-08.26.05:543][  0]LogConfig: Setting CVar [[s.EventDrivenLoaderEnabled:1]]
[2018.12.06-08.26.05:543][  0]LogConfig: Setting CVar [[s.WarnIfTimeLimitExceeded:0]]
[2018.12.06-08.26.05:543][  0]LogConfig: Setting CVar [[s.TimeLimitExceededMultiplier:1.5]]
[2018.12.06-08.26.05:543][  0]LogConfig: Setting CVar [[s.TimeLimitExceededMinTime:0.005]]
[2018.12.06-08.26.05:543][  0]LogConfig: Setting CVar [[s.UseBackgroundLevelStreaming:1]]
[2018.12.06-08.26.05:543][  0]LogConfig: Setting CVar [[s.PriorityAsyncLoadingExtraTime:15.0]]
[2018.12.06-08.26.05:543][  0]LogConfig: Setting CVar [[s.LevelStreamingActorsUpdateTimeLimit:5.0]]
[2018.12.06-08.26.05:543][  0]LogConfig: Setting CVar [[s.PriorityLevelStreamingActorsUpdateExtraTime:5.0]]
[2018.12.06-08.26.05:543][  0]LogConfig: Setting CVar [[s.LevelStreamingComponentsRegistrationGranularity:10]]
[2018.12.06-08.26.05:543][  0]LogConfig: Setting CVar [[s.UnregisterComponentsTimeLimit:1.0]]
[2018.12.06-08.26.05:543][  0]LogConfig: Setting CVar [[s.LevelStreamingComponentsUnregistrationGranularity:5]]
[2018.12.06-08.26.05:543][  0]LogConfig: Applying CVar settings from Section [/Script/Engine.GarbageCollectionSettings] File [E:/Praca/Teyon test/Pong/TeyonPong/Saved/Config/Windows/Engine.ini]
[2018.12.06-08.26.05:543][  0]LogConfig: Setting CVar [[gc.MaxObjectsNotConsideredByGC:1]]
[2018.12.06-08.26.05:543][  0]LogConfig: Setting CVar [[gc.SizeOfPermanentObjectPool:0]]
[2018.12.06-08.26.05:543][  0]LogConfig: Setting CVar [[gc.FlushStreamingOnGC:0]]
[2018.12.06-08.26.05:543][  0]LogConfig: Setting CVar [[gc.NumRetriesBeforeForcingGC:10]]
[2018.12.06-08.26.05:543][  0]LogConfig: Setting CVar [[gc.AllowParallelGC:1]]
[2018.12.06-08.26.05:543][  0]LogConfig: Setting CVar [[gc.TimeBetweenPurgingPendingKillObjects:61.1]]
[2018.12.06-08.26.05:543][  0]LogConfig: Setting CVar [[gc.MaxObjectsInEditor:8388607]]
[2018.12.06-08.26.05:543][  0]LogConfig: Setting CVar [[gc.IncrementalBeginDestroyEnabled:1]]
[2018.12.06-08.26.05:543][  0]LogConfig: Setting CVar [[gc.CreateGCClusters:1]]
[2018.12.06-08.26.05:543][  0]LogConfig: Setting CVar [[gc.MergeGCClusters:0]]
[2018.12.06-08.26.05:543][  0]LogConfig: Setting CVar [[gc.MinGCClusterSize:5]]
[2018.12.06-08.26.05:543][  0]LogConfig: Setting CVar [[gc.ActorClusteringEnabled:0]]
[2018.12.06-08.26.05:543][  0]LogConfig: Setting CVar [[gc.BlueprintClusteringEnabled:0]]
[2018.12.06-08.26.05:543][  0]LogConfig: Setting CVar [[gc.UseDisregardForGCOnDedicatedServers:0]]
[2018.12.06-08.26.05:543][  0]LogConfig: Applying CVar settings from Section [/Script/Engine.NetworkSettings] File [E:/Praca/Teyon test/Pong/TeyonPong/Saved/Config/Windows/Engine.ini]
[2018.12.06-08.26.05:543][  0]LogConfig: Applying CVar settings from Section [/Script/UnrealEd.CookerSettings] File [E:/Praca/Teyon test/Pong/TeyonPong/Saved/Config/Windows/Engine.ini]
[2018.12.06-08.26.06:079][  0]LogConfig: Applying CVar settings from Section [ViewDistanceQuality@3] File [E:/Praca/Teyon test/Pong/TeyonPong/Saved/Config/Windows/Scalability.ini]
[2018.12.06-08.26.06:079][  0]LogConfig: Setting CVar [[r.SkeletalMeshLODBias:0]]
[2018.12.06-08.26.06:079][  0]LogConfig: Setting CVar [[r.ViewDistanceScale:1.0]]
[2018.12.06-08.26.06:079][  0]LogConfig: Applying CVar settings from Section [AntiAliasingQuality@3] File [E:/Praca/Teyon test/Pong/TeyonPong/Saved/Config/Windows/Scalability.ini]
[2018.12.06-08.26.06:079][  0]LogConfig: Setting CVar [[r.PostProcessAAQuality:4]]
[2018.12.06-08.26.06:079][  0]LogConfig: Applying CVar settings from Section [ShadowQuality@3] File [E:/Praca/Teyon test/Pong/TeyonPong/Saved/Config/Windows/Scalability.ini]
[2018.12.06-08.26.06:079][  0]LogConfig: Setting CVar [[r.LightFunctionQuality:1]]
[2018.12.06-08.26.06:079][  0]LogConfig: Setting CVar [[r.ShadowQuality:5]]
[2018.12.06-08.26.06:079][  0]LogConfig: Setting CVar [[r.Shadow.CSM.MaxCascades:10]]
[2018.12.06-08.26.06:079][  0]LogConfig: Setting CVar [[r.Shadow.MaxResolution:2048]]
[2018.12.06-08.26.06:080][  0]LogConfig: Setting CVar [[r.Shadow.MaxCSMResolution:2048]]
[2018.12.06-08.26.06:080][  0]LogConfig: Setting CVar [[r.Shadow.RadiusThreshold:0.01]]
[2018.12.06-08.26.06:080][  0]LogConfig: Setting CVar [[r.Shadow.DistanceScale:1.0]]
[2018.12.06-08.26.06:080][  0]LogConfig: Setting CVar [[r.Shadow.CSM.TransitionScale:1.0]]
[2018.12.06-08.26.06:080][  0]LogConfig: Setting CVar [[r.Shadow.PreShadowResolutionFactor:1.0]]
[2018.12.06-08.26.06:080][  0]LogConfig: Setting CVar [[r.DistanceFieldShadowing:1]]
[2018.12.06-08.26.06:080][  0]LogConfig: Setting CVar [[r.DistanceFieldAO:1]]
[2018.12.06-08.26.06:080][  0]LogConfig: Setting CVar [[r.AOQuality:2]]
[2018.12.06-08.26.06:080][  0]LogConfig: Setting CVar [[r.VolumetricFog:1]]
[2018.12.06-08.26.06:080][  0]LogConfig: Setting CVar [[r.VolumetricFog.GridPixelSize:8]]
[2018.12.06-08.26.06:080][  0]LogConfig: Setting CVar [[r.VolumetricFog.GridSizeZ:128]]
[2018.12.06-08.26.06:080][  0]LogConfig: Setting CVar [[r.VolumetricFog.HistoryMissSupersampleCount:4]]
[2018.12.06-08.26.06:080][  0]LogConfig: Setting CVar [[r.LightMaxDrawDistanceScale:1]]
[2018.12.06-08.26.06:080][  0]LogConfig: Setting CVar [[r.CapsuleShadows:1]]
[2018.12.06-08.26.06:080][  0]LogConfig: Applying CVar settings from Section [PostProcessQuality@3] File [E:/Praca/Teyon test/Pong/TeyonPong/Saved/Config/Windows/Scalability.ini]
[2018.12.06-08.26.06:080][  0]LogConfig: Setting CVar [[r.MotionBlurQuality:4]]
[2018.12.06-08.26.06:080][  0]LogConfig: Setting CVar [[r.AmbientOcclusionMipLevelFactor:0.4]]
[2018.12.06-08.26.06:080][  0]LogConfig: Setting CVar [[r.AmbientOcclusionMaxQuality:100]]
[2018.12.06-08.26.06:080][  0]LogConfig: Setting CVar [[r.AmbientOcclusionLevels:-1]]
[2018.12.06-08.26.06:080][  0]LogConfig: Setting CVar [[r.AmbientOcclusionRadiusScale:1.0]]
[2018.12.06-08.26.06:080][  0]LogConfig: Setting CVar [[r.DepthOfFieldQuality:2]]
[2018.12.06-08.26.06:080][  0]LogConfig: Setting CVar [[r.RenderTargetPoolMin:400]]
[2018.12.06-08.26.06:080][  0]LogConfig: Setting CVar [[r.LensFlareQuality:2]]
[2018.12.06-08.26.06:080][  0]LogConfig: Setting CVar [[r.SceneColorFringeQuality:1]]
[2018.12.06-08.26.06:080][  0]LogConfig: Setting CVar [[r.EyeAdaptationQuality:2]]
[2018.12.06-08.26.06:080][  0]LogConfig: Setting CVar [[r.BloomQuality:5]]
[2018.12.06-08.26.06:080][  0]LogConfig: Setting CVar [[r.FastBlurThreshold:100]]
[2018.12.06-08.26.06:080][  0]LogConfig: Setting CVar [[r.Upscale.Quality:3]]
[2018.12.06-08.26.06:080][  0]LogConfig: Setting CVar [[r.Tonemapper.GrainQuantization:1]]
[2018.12.06-08.26.06:080][  0]LogConfig: Setting CVar [[r.LightShaftQuality:1]]
[2018.12.06-08.26.06:080][  0]LogConfig: Setting CVar [[r.Filter.SizeScale:1]]
[2018.12.06-08.26.06:080][  0]LogConfig: Setting CVar [[r.Tonemapper.Quality:5]]
[2018.12.06-08.26.06:080][  0]LogConfig: Setting CVar [[r.DOF.Gather.AccumulatorQuality:1        ; higher gathering accumulator quality]]
[2018.12.06-08.26.06:080][  0]LogConfig: Setting CVar [[r.DOF.Gather.PostfilterMethod:1          ; Median3x3 postfilering method]]
[2018.12.06-08.26.06:080][  0]LogConfig: Setting CVar [[r.DOF.Gather.EnableBokehSettings:0       ; no bokeh simulation when gathering]]
[2018.12.06-08.26.06:080][  0]LogConfig: Setting CVar [[r.DOF.Gather.RingCount:4                 ; medium number of samples when gathering]]
[2018.12.06-08.26.06:080][  0]LogConfig: Setting CVar [[r.DOF.Scatter.ForegroundCompositing:1    ; additive foreground scattering]]
[2018.12.06-08.26.06:080][  0]LogConfig: Setting CVar [[r.DOF.Scatter.BackgroundCompositing:2    ; additive background scattering]]
[2018.12.06-08.26.06:080][  0]LogConfig: Setting CVar [[r.DOF.Scatter.EnableBokehSettings:1      ; bokeh simulation when scattering]]
[2018.12.06-08.26.06:080][  0]LogConfig: Setting CVar [[r.DOF.Scatter.MaxSpriteRatio:0.1         ; only a maximum of 10% of scattered bokeh]]
[2018.12.06-08.26.06:080][  0]LogConfig: Setting CVar [[r.DOF.Recombine.Quality:1                ; cheap slight out of focus]]
[2018.12.06-08.26.06:080][  0]LogConfig: Setting CVar [[r.DOF.Recombine.EnableBokehSettings:0    ; no bokeh simulation on slight out of focus]]
[2018.12.06-08.26.06:080][  0]LogConfig: Setting CVar [[r.DOF.TemporalAAQuality:1                ; more stable temporal accumulation]]
[2018.12.06-08.26.06:080][  0]LogConfig: Setting CVar [[r.DOF.Kernel.MaxForegroundRadius:0.025]]
[2018.12.06-08.26.06:080][  0]LogConfig: Setting CVar [[r.DOF.Kernel.MaxBackgroundRadius:0.025]]
[2018.12.06-08.26.06:080][  0]LogConfig: Applying CVar settings from Section [TextureQuality@3] File [E:/Praca/Teyon test/Pong/TeyonPong/Saved/Config/Windows/Scalability.ini]
[2018.12.06-08.26.06:080][  0]LogConfig: Setting CVar [[r.Streaming.MipBias:0]]
[2018.12.06-08.26.06:080][  0]LogConfig: Setting CVar [[r.Streaming.AmortizeCPUToGPUCopy:0]]
[2018.12.06-08.26.06:080][  0]LogConfig: Setting CVar [[r.Streaming.MaxNumTexturesToStreamPerFrame:0]]
[2018.12.06-08.26.06:080][  0]LogConfig: Setting CVar [[r.Streaming.Boost:1]]
[2018.12.06-08.26.06:080][  0]LogConfig: Setting CVar [[r.MaxAnisotropy:8]]
[2018.12.06-08.26.06:080][  0]LogConfig: Setting CVar [[r.Streaming.LimitPoolSizeToVRAM:0]]
[2018.12.06-08.26.06:080][  0]LogConfig: Setting CVar [[r.Streaming.PoolSize:1000]]
[2018.12.06-08.26.06:080][  0]LogConfig: Setting CVar [[r.Streaming.MaxEffectiveScreenSize:0]]
[2018.12.06-08.26.06:080][  0]LogConfig: Applying CVar settings from Section [EffectsQuality@3] File [E:/Praca/Teyon test/Pong/TeyonPong/Saved/Config/Windows/Scalability.ini]
[2018.12.06-08.26.06:080][  0]LogConfig: Setting CVar [[r.TranslucencyLightingVolumeDim:64]]
[2018.12.06-08.26.06:080][  0]LogConfig: Setting CVar [[r.RefractionQuality:2]]
[2018.12.06-08.26.06:080][  0]LogConfig: Setting CVar [[r.SSR.Quality:3]]
[2018.12.06-08.26.06:080][  0]LogConfig: Setting CVar [[r.SceneColorFormat:4]]
[2018.12.06-08.26.06:080][  0]LogConfig: Setting CVar [[r.DetailMode:2]]
[2018.12.06-08.26.06:080][  0]LogConfig: Setting CVar [[r.TranslucencyVolumeBlur:1]]
[2018.12.06-08.26.06:080][  0]LogConfig: Setting CVar [[r.MaterialQualityLevel:1 ; High quality]]
[2018.12.06-08.26.06:080][  0]LogConfig: Setting CVar [[r.SSS.Scale:1]]
[2018.12.06-08.26.06:080][  0]LogConfig: Setting CVar [[r.SSS.SampleSet:2]]
[2018.12.06-08.26.06:080][  0]LogConfig: Setting CVar [[r.SSS.Quality:1]]
[2018.12.06-08.26.06:080][  0]LogConfig: Setting CVar [[r.SSS.HalfRes:1]]
[2018.12.06-08.26.06:080][  0]LogConfig: Setting CVar [[r.EmitterSpawnRateScale:1.0]]
[2018.12.06-08.26.06:080][  0]LogConfig: Setting CVar [[r.ParticleLightQuality:2]]
[2018.12.06-08.26.06:080][  0]LogConfig: Applying CVar settings from Section [FoliageQuality@3] File [E:/Praca/Teyon test/Pong/TeyonPong/Saved/Config/Windows/Scalability.ini]
[2018.12.06-08.26.06:080][  0]LogConfig: Setting CVar [[foliage.DensityScale:1.0]]
[2018.12.06-08.26.06:080][  0]LogConfig: Setting CVar [[grass.DensityScale:1.0]]
[2018.12.06-08.26.06:184][  0]LogInit: Selected Device Profile: [Windows]
[2018.12.06-08.26.06:228][  0]LogInit: Applying CVar settings loaded from the selected device profile: [Windows]
[2018.12.06-08.26.06:647][  0]LogHAL: Display: Platform has ~ 16 GB [17103699968 / 17179869184 / 16], which maps to Larger [LargestMinGB=32, LargerMinGB=12, DefaultMinGB=8, SmallerMinGB=6, SmallestMinGB=0)
[2018.12.06-08.26.06:777][  0]LogConfig: Setting CVar [[r.Vulkan.UseRealUBs:1]]
[2018.12.06-08.26.06:777][  0]LogInit: Going up to parent DeviceProfile []
[2018.12.06-08.26.06:796][  0]LogConfig: Applying CVar settings from Section [ViewDistanceQuality@3] File [E:/Praca/Teyon test/Pong/TeyonPong/Saved/Config/Windows/Scalability.ini]
[2018.12.06-08.26.06:796][  0]LogConfig: Setting CVar [[r.SkeletalMeshLODBias:0]]
[2018.12.06-08.26.06:796][  0]LogConfig: Setting CVar [[r.ViewDistanceScale:1.0]]
[2018.12.06-08.26.06:796][  0]LogConfig: Applying CVar settings from Section [AntiAliasingQuality@3] File [E:/Praca/Teyon test/Pong/TeyonPong/Saved/Config/Windows/Scalability.ini]
[2018.12.06-08.26.06:796][  0]LogConfig: Setting CVar [[r.PostProcessAAQuality:4]]
[2018.12.06-08.26.06:796][  0]LogConfig: Applying CVar settings from Section [ShadowQuality@3] File [E:/Praca/Teyon test/Pong/TeyonPong/Saved/Config/Windows/Scalability.ini]
[2018.12.06-08.26.06:796][  0]LogConfig: Setting CVar [[r.LightFunctionQuality:1]]
[2018.12.06-08.26.06:796][  0]LogConfig: Setting CVar [[r.ShadowQuality:5]]
[2018.12.06-08.26.06:796][  0]LogConfig: Setting CVar [[r.Shadow.CSM.MaxCascades:10]]
[2018.12.06-08.26.06:796][  0]LogConfig: Setting CVar [[r.Shadow.MaxResolution:2048]]
[2018.12.06-08.26.06:796][  0]LogConfig: Setting CVar [[r.Shadow.MaxCSMResolution:2048]]
[2018.12.06-08.26.06:796][  0]LogConfig: Setting CVar [[r.Shadow.RadiusThreshold:0.01]]
[2018.12.06-08.26.06:796][  0]LogConfig: Setting CVar [[r.Shadow.DistanceScale:1.0]]
[2018.12.06-08.26.06:796][  0]LogConfig: Setting CVar [[r.Shadow.CSM.TransitionScale:1.0]]
[2018.12.06-08.26.06:796][  0]LogConfig: Setting CVar [[r.Shadow.PreShadowResolutionFactor:1.0]]
[2018.12.06-08.26.06:796][  0]LogConfig: Setting CVar [[r.DistanceFieldShadowing:1]]
[2018.12.06-08.26.06:796][  0]LogConfig: Setting CVar [[r.DistanceFieldAO:1]]
[2018.12.06-08.26.06:796][  0]LogConfig: Setting CVar [[r.AOQuality:2]]
[2018.12.06-08.26.06:796][  0]LogConfig: Setting CVar [[r.VolumetricFog:1]]
[2018.12.06-08.26.06:796][  0]LogConfig: Setting CVar [[r.VolumetricFog.GridPixelSize:8]]
[2018.12.06-08.26.06:796][  0]LogConfig: Setting CVar [[r.VolumetricFog.GridSizeZ:128]]
[2018.12.06-08.26.06:796][  0]LogConfig: Setting CVar [[r.VolumetricFog.HistoryMissSupersampleCount:4]]
[2018.12.06-08.26.06:796][  0]LogConfig: Setting CVar [[r.LightMaxDrawDistanceScale:1]]
[2018.12.06-08.26.06:796][  0]LogConfig: Setting CVar [[r.CapsuleShadows:1]]
[2018.12.06-08.26.06:796][  0]LogConfig: Applying CVar settings from Section [PostProcessQuality@3] File [E:/Praca/Teyon test/Pong/TeyonPong/Saved/Config/Windows/Scalability.ini]
[2018.12.06-08.26.06:796][  0]LogConfig: Setting CVar [[r.MotionBlurQuality:4]]
[2018.12.06-08.26.06:796][  0]LogConfig: Setting CVar [[r.AmbientOcclusionMipLevelFactor:0.4]]
[2018.12.06-08.26.06:796][  0]LogConfig: Setting CVar [[r.AmbientOcclusionMaxQuality:100]]
[2018.12.06-08.26.06:796][  0]LogConfig: Setting CVar [[r.AmbientOcclusionLevels:-1]]
[2018.12.06-08.26.06:796][  0]LogConfig: Setting CVar [[r.AmbientOcclusionRadiusScale:1.0]]
[2018.12.06-08.26.06:797][  0]LogConfig: Setting CVar [[r.DepthOfFieldQuality:2]]
[2018.12.06-08.26.06:797][  0]LogConfig: Setting CVar [[r.RenderTargetPoolMin:400]]
[2018.12.06-08.26.06:797][  0]LogConfig: Setting CVar [[r.LensFlareQuality:2]]
[2018.12.06-08.26.06:797][  0]LogConfig: Setting CVar [[r.SceneColorFringeQuality:1]]
[2018.12.06-08.26.06:797][  0]LogConfig: Setting CVar [[r.EyeAdaptationQuality:2]]
[2018.12.06-08.26.06:797][  0]LogConfig: Setting CVar [[r.BloomQuality:5]]
[2018.12.06-08.26.06:797][  0]LogConfig: Setting CVar [[r.FastBlurThreshold:100]]
[2018.12.06-08.26.06:797][  0]LogConfig: Setting CVar [[r.Upscale.Quality:3]]
[2018.12.06-08.26.06:797][  0]LogConfig: Setting CVar [[r.Tonemapper.GrainQuantization:1]]
[2018.12.06-08.26.06:797][  0]LogConfig: Setting CVar [[r.LightShaftQuality:1]]
[2018.12.06-08.26.06:797][  0]LogConfig: Setting CVar [[r.Filter.SizeScale:1]]
[2018.12.06-08.26.06:797][  0]LogConfig: Setting CVar [[r.Tonemapper.Quality:5]]
[2018.12.06-08.26.06:797][  0]LogConfig: Setting CVar [[r.DOF.Gather.AccumulatorQuality:1        ; higher gathering accumulator quality]]
[2018.12.06-08.26.06:797][  0]LogConfig: Setting CVar [[r.DOF.Gather.PostfilterMethod:1          ; Median3x3 postfilering method]]
[2018.12.06-08.26.06:797][  0]LogConfig: Setting CVar [[r.DOF.Gather.EnableBokehSettings:0       ; no bokeh simulation when gathering]]
[2018.12.06-08.26.06:797][  0]LogConfig: Setting CVar [[r.DOF.Gather.RingCount:4                 ; medium number of samples when gathering]]
[2018.12.06-08.26.06:797][  0]LogConfig: Setting CVar [[r.DOF.Scatter.ForegroundCompositing:1    ; additive foreground scattering]]
[2018.12.06-08.26.06:797][  0]LogConfig: Setting CVar [[r.DOF.Scatter.BackgroundCompositing:2    ; additive background scattering]]
[2018.12.06-08.26.06:797][  0]LogConfig: Setting CVar [[r.DOF.Scatter.EnableBokehSettings:1      ; bokeh simulation when scattering]]
[2018.12.06-08.26.06:797][  0]LogConfig: Setting CVar [[r.DOF.Scatter.MaxSpriteRatio:0.1         ; only a maximum of 10% of scattered bokeh]]
[2018.12.06-08.26.06:797][  0]LogConfig: Setting CVar [[r.DOF.Recombine.Quality:1                ; cheap slight out of focus]]
[2018.12.06-08.26.06:797][  0]LogConfig: Setting CVar [[r.DOF.Recombine.EnableBokehSettings:0    ; no bokeh simulation on slight out of focus]]
[2018.12.06-08.26.06:797][  0]LogConfig: Setting CVar [[r.DOF.TemporalAAQuality:1                ; more stable temporal accumulation]]
[2018.12.06-08.26.06:797][  0]LogConfig: Setting CVar [[r.DOF.Kernel.MaxForegroundRadius:0.025]]
[2018.12.06-08.26.06:797][  0]LogConfig: Setting CVar [[r.DOF.Kernel.MaxBackgroundRadius:0.025]]
[2018.12.06-08.26.06:797][  0]LogConfig: Applying CVar settings from Section [TextureQuality@3] File [E:/Praca/Teyon test/Pong/TeyonPong/Saved/Config/Windows/Scalability.ini]
[2018.12.06-08.26.06:797][  0]LogConfig: Setting CVar [[r.Streaming.MipBias:0]]
[2018.12.06-08.26.06:797][  0]LogConfig: Setting CVar [[r.Streaming.AmortizeCPUToGPUCopy:0]]
[2018.12.06-08.26.06:797][  0]LogConfig: Setting CVar [[r.Streaming.MaxNumTexturesToStreamPerFrame:0]]
[2018.12.06-08.26.06:797][  0]LogConfig: Setting CVar [[r.Streaming.Boost:1]]
[2018.12.06-08.26.06:797][  0]LogConfig: Setting CVar [[r.MaxAnisotropy:8]]
[2018.12.06-08.26.06:797][  0]LogConfig: Setting CVar [[r.Streaming.LimitPoolSizeToVRAM:0]]
[2018.12.06-08.26.06:797][  0]LogConfig: Setting CVar [[r.Streaming.PoolSize:1000]]
[2018.12.06-08.26.06:797][  0]LogConfig: Setting CVar [[r.Streaming.MaxEffectiveScreenSize:0]]
[2018.12.06-08.26.06:797][  0]LogConfig: Applying CVar settings from Section [EffectsQuality@3] File [E:/Praca/Teyon test/Pong/TeyonPong/Saved/Config/Windows/Scalability.ini]
[2018.12.06-08.26.06:797][  0]LogConfig: Setting CVar [[r.TranslucencyLightingVolumeDim:64]]
[2018.12.06-08.26.06:797][  0]LogConfig: Setting CVar [[r.RefractionQuality:2]]
[2018.12.06-08.26.06:797][  0]LogConfig: Setting CVar [[r.SSR.Quality:3]]
[2018.12.06-08.26.06:797][  0]LogConfig: Setting CVar [[r.SceneColorFormat:4]]
[2018.12.06-08.26.06:797][  0]LogConfig: Setting CVar [[r.DetailMode:2]]
[2018.12.06-08.26.06:797][  0]LogConfig: Setting CVar [[r.TranslucencyVolumeBlur:1]]
[2018.12.06-08.26.06:797][  0]LogConfig: Setting CVar [[r.MaterialQualityLevel:1 ; High quality]]
[2018.12.06-08.26.06:797][  0]LogConfig: Setting CVar [[r.SSS.Scale:1]]
[2018.12.06-08.26.06:797][  0]LogConfig: Setting CVar [[r.SSS.SampleSet:2]]
[2018.12.06-08.26.06:797][  0]LogConfig: Setting CVar [[r.SSS.Quality:1]]
[2018.12.06-08.26.06:797][  0]LogConfig: Setting CVar [[r.SSS.HalfRes:1]]
[2018.12.06-08.26.06:797][  0]LogConfig: Setting CVar [[r.EmitterSpawnRateScale:1.0]]
[2018.12.06-08.26.06:797][  0]LogConfig: Setting CVar [[r.ParticleLightQuality:2]]
[2018.12.06-08.26.06:797][  0]LogConfig: Applying CVar settings from Section [FoliageQuality@3] File [E:/Praca/Teyon test/Pong/TeyonPong/Saved/Config/Windows/Scalability.ini]
[2018.12.06-08.26.06:797][  0]LogConfig: Setting CVar [[foliage.DensityScale:1.0]]
[2018.12.06-08.26.06:797][  0]LogConfig: Setting CVar [[grass.DensityScale:1.0]]
[2018.12.06-08.26.06:797][  0]LogConfig: Applying CVar settings from Section [Startup] File [../../../Engine/Config/ConsoleVariables.ini]
[2018.12.06-08.26.06:829][  0]LogConfig: Setting CVar [[net.UseAdaptiveNetUpdateFrequency:0]]
[2018.12.06-08.26.06:829][  0]LogConfig: Applying CVar settings from Section [ConsoleVariables] File [E:/Praca/Teyon test/Pong/TeyonPong/Saved/Config/Windows/Engine.ini]
[2018.12.06-08.26.06:920][  0]LogInit: Computer: NORD-KOMPUTER
[2018.12.06-08.26.06:920][  0]LogInit: User: Nord
[2018.12.06-08.26.06:920][  0]LogInit: CPU Page size=4096, Cores=2
[2018.12.06-08.26.06:920][  0]LogInit: High frequency timer resolution =2.825527 MHz
[2018.12.06-08.26.06:921][  0]LogMemory: Memory total: Physical=15.9GB (16GB approx)
[2018.12.06-08.26.06:921][  0]LogMemory: Platform Memory Stats for Windows
[2018.12.06-08.26.06:921][  0]LogMemory: Process Physical Memory: 103.28 MB used, 103.28 MB peak
[2018.12.06-08.26.06:921][  0]LogMemory: Process Virtual Memory: 87.22 MB used, 87.22 MB peak
[2018.12.06-08.26.06:921][  0]LogMemory: Physical Memory: 5492.18 MB used,  10819.18 MB free, 16311.36 MB total
[2018.12.06-08.26.06:921][  0]LogMemory: Virtual Memory: 478.05 MB used,  8388130.00 MB free, 8388608.00 MB total
[2018.12.06-08.26.14:819][  0]LogInit: Using OS detected language (pl-PL).
[2018.12.06-08.26.14:819][  0]LogInit: Using OS detected locale (pl-PL).
[2018.12.06-08.26.15:239][  0]LogTextLocalizationManager: No specific localization for 'pl-PL' exists, so the 'pl' localization will be used.
[2018.12.06-08.26.16:278][  0]LogStreaming: Display: Took  1.530s to InitEngineTextLocalization.
[2018.12.06-08.26.16:333][  0]LogWindows: Failed to load 'shcore.dll' (GetLastError=126)
[2018.12.06-08.26.16:333][  0]LogWindows: File 'shcore.dll' does not exist
[2018.12.06-08.26.16:333][  0]LogInit: Setting process to DPI aware
[2018.12.06-08.26.20:458][  0]LogSlate: New Slate User Created.  User Index 0, Is Virtual User: 0
[2018.12.06-08.26.20:459][  0]LogSlate: Slate User Registered.  User Index 0, Is Virtual User: 0
[2018.12.06-08.26.35:894][  0]LogHMD: Failed to initialize OpenVR with code 110
[2018.12.06-08.26.35:894][  0]LogD3D11RHI: D3D11 adapters:
[2018.12.06-08.26.37:947][  0]LogD3D11RHI:    0. 'NVIDIA GeForce GTX 860M' (Feature Level 11_0)
[2018.12.06-08.26.37:947][  0]LogD3D11RHI:       1986/0/7899 MB DedicatedVideo/DedicatedSystem/SharedSystem, Outputs:1, VendorId:0x10de
[2018.12.06-08.26.37:974][  0]LogD3D11RHI:    1. 'NVIDIA GeForce GTX 860M' (Feature Level 11_0)
[2018.12.06-08.26.37:974][  0]LogD3D11RHI:       1986/0/7899 MB DedicatedVideo/DedicatedSystem/SharedSystem, Outputs:0, VendorId:0x10de
[2018.12.06-08.26.37:974][  0]LogD3D11RHI: Chosen D3D11 Adapter: 0
[2018.12.06-08.26.38:021][  0]LogD3D11RHI: Creating new Direct3DDevice
[2018.12.06-08.26.38:021][  0]LogD3D11RHI:     GPU DeviceId: 0x1392 (for the marketing name, search the web for "GPU Device Id")
[2018.12.06-08.26.38:021][  0]LogWindows: EnumDisplayDevices:
[2018.12.06-08.26.38:021][  0]LogWindows:    0. 'Intel(R) HD Graphics 4600' (P:1 D:1)
[2018.12.06-08.26.38:022][  0]LogWindows:    1. 'Intel(R) HD Graphics 4600' (P:0 D:0)
[2018.12.06-08.26.38:022][  0]LogWindows:    2. 'Intel(R) HD Graphics 4600' (P:0 D:0)
[2018.12.06-08.26.38:022][  0]LogWindows:    3. 'NVIDIA GeForce GTX 860M' (P:0 D:0)
[2018.12.06-08.26.38:023][  0]LogWindows:    4. 'RDPDD Chained DD' (P:0 D:0)
[2018.12.06-08.26.38:023][  0]LogWindows:    5. 'RDP Encoder Mirror Driver' (P:0 D:0)
[2018.12.06-08.26.38:023][  0]LogWindows:    6. 'RDP Reflector Display Driver' (P:0 D:0)
[2018.12.06-08.26.38:023][  0]LogWindows: DebugString: PrimaryIsNotTheChoosenAdapter PrimaryIsNotTheChoosenAdapter PrimaryIsNotTheChoosenAdapter GetVideoDriverDetailsInvalid PrimaryIsNotTheChoosenAdapter GetVideoDriverDetailsInvalid PrimaryIsNotTheChoosenAdapter GetVideoDriverDetailsInvalid PrimaryIsNotTheChoosenAdapter 
[2018.12.06-08.26.38:023][  0]LogD3D11RHI:     Adapter Name: NVIDIA GeForce GTX 860M
[2018.12.06-08.26.38:125][  0]LogD3D11RHI:   Driver Version: 398.11 (internal:24.21.13.9811, unified:398.11)
[2018.12.06-08.26.38:125][  0]LogD3D11RHI:      Driver Date: 6-1-2018
[2018.12.06-08.26.38:126][  0]LogRHI: Texture pool is 1390 MB (70% of 1986 MB)
[2018.12.06-08.26.38:578][  0]LogD3D11RHI: Async texture creation enabled
[2018.12.06-08.26.40:323][  0]LogD3D11RHI: GPU Timing Frequency: 1000.000000 (Debug: 2 14)
[2018.12.06-08.26.55:450][  0]LogTemp: Display: Loaded TP AllDesktopTargetPlatform
[2018.12.06-08.26.55:682][  0]LogTemp: Display: Loaded TP MacClientTargetPlatform
[2018.12.06-08.26.56:004][  0]LogTemp: Display: Loaded TP MacNoEditorTargetPlatform
[2018.12.06-08.26.56:195][  0]LogTemp: Display: Loaded TP MacServerTargetPlatform
[2018.12.06-08.26.56:485][  0]LogTemp: Display: Loaded TP MacTargetPlatform
[2018.12.06-08.26.57:399][  0]LogTemp: Display: Loaded TP WindowsClientTargetPlatform
[2018.12.06-08.26.57:924][  0]LogTemp: Display: Loaded TP WindowsNoEditorTargetPlatform
[2018.12.06-08.26.58:128][  0]LogTemp: Display: Loaded TP WindowsServerTargetPlatform
[2018.12.06-08.26.58:680][  0]LogTemp: Display: Loaded TP WindowsTargetPlatform
[2018.12.06-08.26.59:376][  0]LogTemp: Display: Loaded TP AndroidTargetPlatform
[2018.12.06-08.26.59:376][  0]LogTemp: Display: Loaded TP AndroidTargetPlatform
[2018.12.06-08.26.59:376][  0]LogTemp: Display: Loaded TP AndroidTargetPlatform
[2018.12.06-08.26.59:376][  0]LogTemp: Display: Loaded TP AndroidTargetPlatform
[2018.12.06-08.26.59:376][  0]LogTemp: Display: Loaded TP AndroidTargetPlatform
[2018.12.06-08.26.59:376][  0]LogTemp: Display: Loaded TP AndroidTargetPlatform
[2018.12.06-08.26.59:376][  0]LogTemp: Display: Loaded TP AndroidTargetPlatform
[2018.12.06-08.26.59:376][  0]LogTemp: Display: Loaded TP AndroidTargetPlatform
[2018.12.06-08.26.59:376][  0]LogTemp: Display: Loaded TP AndroidTargetPlatform
[2018.12.06-08.26.59:376][  0]LogTemp: Display: Loaded TP AndroidTargetPlatform
[2018.12.06-08.26.59:376][  0]LogTemp: Display: Loaded TP AndroidTargetPlatform
[2018.12.06-08.26.59:376][  0]LogTemp: Display: Loaded TP AndroidTargetPlatform
[2018.12.06-08.26.59:376][  0]LogTemp: Display: Loaded TP AndroidTargetPlatform
[2018.12.06-08.26.59:376][  0]LogTemp: Display: Loaded TP AndroidTargetPlatform
[2018.12.06-08.26.59:376][  0]LogTemp: Display: Loaded TP AndroidTargetPlatform
[2018.12.06-08.26.59:376][  0]LogTemp: Display: Loaded TP AndroidTargetPlatform
[2018.12.06-08.26.59:376][  0]LogTemp: Display: Loaded TP AndroidTargetPlatform
[2018.12.06-08.26.59:376][  0]LogTemp: Display: Loaded TP AndroidTargetPlatform
[2018.12.06-08.26.59:553][  0]LogTemp: Display: Loaded TP HTML5TargetPlatform
[2018.12.06-08.27.00:702][  0]LogTemp: Display: Loaded TP IOSTargetPlatform
[2018.12.06-08.27.00:702][  0]LogTemp: Display: Loaded TP IOSTargetPlatform
[2018.12.06-08.27.00:960][  0]LogTemp: Display: Loaded TP TVOSTargetPlatform
[2018.12.06-08.27.00:961][  0]LogTemp: Display: Loaded TP TVOSTargetPlatform
[2018.12.06-08.27.01:107][  0]LogTemp: Display: Loaded TP LinuxClientTargetPlatform
[2018.12.06-08.27.01:406][  0]LogTemp: Display: Loaded TP LinuxNoEditorTargetPlatform
[2018.12.06-08.27.01:622][  0]LogTemp: Display: Loaded TP LinuxServerTargetPlatform
[2018.12.06-08.27.01:811][  0]LogTemp: Display: Loaded TP LinuxTargetPlatform
[2018.12.06-08.27.02:034][  0]LogTemp: Display: Loaded TP LuminTargetPlatform
[2018.12.06-08.27.02:034][  0]LogTemp: Display: Loaded TP LuminTargetPlatform
[2018.12.06-08.27.02:034][  0]LogTargetPlatformManager: Display: Building Assets For Windows
[2018.12.06-08.27.09:538][  0]LogShaderCompilers: Guid format shader working directory is 11 characters bigger than the processId version (E:/Praca/Teyon test/Pong/TeyonPong/Intermediate/Shaders/WorkingDirectory/4800/).
[2018.12.06-08.27.09:538][  0]LogShaderCompilers: Cleaned the shader compiler working directory 'C:/Users/Nord/AppData/Local/Temp/UnrealShaderWorkingDir/34E0F5B74AAC895A68F4FB91DFE9AC15/'.
[2018.12.06-08.27.09:711][  0]LogXGEController: Cleaning working directory: C:/Users/Nord/AppData/Local/Temp/UnrealXGEWorkingDir/
[2018.12.06-08.27.09:712][  0]LogXGEController: Cannot use XGE Controller as Incredibuild is not installed on this machine.
[2018.12.06-08.27.09:712][  0]LogShaderCompilers: Cannot use XGE Shader Compiler as Incredibuild is not installed on this machine.
[2018.12.06-08.27.09:712][  0]LogShaderCompilers: Display: Using Local Shader Compiler.
[2018.12.06-08.27.31:096][  0]LogDerivedDataCache: Display: Max Cache Size: 512 MB
[2018.12.06-08.27.33:348][  0]LogDerivedDataCache: Loaded boot cache 1.98s 71MB C:/Users/Nord/AppData/Local/UnrealEngine/4.21/DerivedDataCache/Boot.ddc.
[2018.12.06-08.27.33:348][  0]LogDerivedDataCache: Display: Loaded Boot cache: C:/Users/Nord/AppData/Local/UnrealEngine/4.21/DerivedDataCache/Boot.ddc
[2018.12.06-08.27.33:348][  0]LogDerivedDataCache: FDerivedDataBackendGraph:  Pak pak cache file E:/Praca/Teyon test/Pong/TeyonPong/DerivedDataCache/DDC.ddp not found, will not use a pak cache.
[2018.12.06-08.27.33:348][  0]LogDerivedDataCache: Unable to find inner node Pak for hierarchical cache Hierarchy.
[2018.12.06-08.27.33:348][  0]LogDerivedDataCache: FDerivedDataBackendGraph:  CompressedPak pak cache file E:/Praca/Teyon test/Pong/TeyonPong/DerivedDataCache/Compressed.ddp not found, will not use a pak cache.
[2018.12.06-08.27.33:348][  0]LogDerivedDataCache: Unable to find inner node CompressedPak for hierarchical cache Hierarchy.
[2018.12.06-08.27.33:627][  0]LogDerivedDataCache: Display: Pak cache opened for reading ../../../Engine/DerivedDataCache/Compressed.ddp.
[2018.12.06-08.27.33:628][  0]LogDerivedDataCache: FDerivedDataBackendGraph:  EnterprisePak pak cache file ../../../Enterprise/DerivedDataCache/Compressed.ddp not found, will not use a pak cache.
[2018.12.06-08.27.33:628][  0]LogDerivedDataCache: Unable to find inner node EnterprisePak for hierarchical cache Hierarchy.
[2018.12.06-08.27.33:676][  0]LogDerivedDataCache: Using Local data cache path C:/Users/Nord/AppData/Local/UnrealEngine/Common/DerivedDataCache: Writable
[2018.12.06-08.27.33:676][  0]LogDerivedDataCache: Shared data cache path not found in *engine.ini, will not use an Shared cache.
[2018.12.06-08.27.33:676][  0]LogDerivedDataCache: Unable to find inner node Shared for hierarchical cache Hierarchy.
[2018.12.06-08.27.34:135][  0]LogMaterial: Verifying Global Shaders for PCD3D_SM5
[2018.12.06-08.27.34:803][  0]LogSlate: Using FreeType 2.6.0
[2018.12.06-08.27.34:959][  0]LogSlate: SlateFontServices - WITH_FREETYPE: 1, WITH_HARFBUZZ: 1
[2018.12.06-08.27.46:660][  0]LogAssetRegistry: FAssetRegistry took 0.4472 seconds to start up
[2018.12.06-08.28.09:604][  0]LogInit: Selected Device Profile: [Windows]
[2018.12.06-08.28.23:891][  0]LogSimplygon: Simplygon DLL not present - disabling.
[2018.12.06-08.28.26:532][  0]LogMeshReduction: Using SimplygonSwarm for distributed automatic mesh merging
[2018.12.06-08.28.26:595][  0]LogMeshReduction: Using ProxyLODMeshReduction for automatic mesh merging
[2018.12.06-08.28.26:718][  0]LogMeshReduction: Using QuadricMeshReduction for automatic static mesh reduction
[2018.12.06-08.28.26:718][  0]LogMeshReduction: No automatic skeletal mesh reduction module available
[2018.12.06-08.28.30:049][  0]LogNetVersion: TeyonPong 1.0.0, NetCL: 4541578, EngineNetVer: 5, GameNetVer: 0 (Checksum: 2572377658)
[2018.12.06-08.29.13:104][  0]LogPackageLocalizationCache: Processed 11 localized package path(s) for 2 prioritized culture(s) in 0.588694 seconds
[2018.12.06-08.29.13:198][  0]LogUObjectArray: 39775 objects as part of root set at end of initial load.
[2018.12.06-08.29.13:198][  0]LogUObjectAllocator: 6914664 out of 0 bytes used by permanent object pool.
[2018.12.06-08.29.13:198][  0]LogUObjectArray: CloseDisregardForGC: 0/0 objects in disregard for GC pool
[2018.12.06-08.31.29:044][  0]LogTcpMessaging: Initializing TcpMessaging bridge
[2018.12.06-08.31.29:636][  0]LogUdpMessaging: Initializing bridge on interface 0.0.0.0:0 to multicast group 230.0.0.1:6666.
[2018.12.06-08.31.44:893][  0]SourceControl: Source control is disabled
[2018.12.06-08.31.44:916][  0]SourceControl: Source control is disabled
[2018.12.06-08.31.46:326][  0]SourceControl: Source control is disabled
[2018.12.06-08.31.46:727][  0]SourceControl: Source control is disabled
[2018.12.06-08.32.06:089][  0]LogAndroidPermission: UAndroidPermissionCallbackProxy::GetInstance
[2018.12.06-08.32.07:732][  0]LogOcInput: OculusInput pre-init called
[2018.12.06-08.32.17:082][  0]LogAutomationTest: Warning: Smoke tests took > 2s to run: 4.51s
[2018.12.06-08.32.17:622][  0]LogEngine: Initializing Engine...
[2018.12.06-08.32.17:736][  0]LogHMD: Failed to initialize OpenVR with code 110
[2018.12.06-08.32.17:952][  0]LogStats: UGameplayTagsManager::ConstructGameplayTagTree: ImportINI prefixes -  0.041 s
[2018.12.06-08.32.17:952][  0]LogStats: UGameplayTagsManager::ConstructGameplayTagTree: Construct from data asset -  0.000 s
[2018.12.06-08.32.17:952][  0]LogStats: UGameplayTagsManager::ConstructGameplayTagTree: ImportINI -  0.000 s
[2018.12.06-08.32.17:996][  0]LogStats: UGameplayTagsManager::ConstructGameplayTagTree: GameplayTagTreeChangedEvent.Broadcast -  0.044 s
[2018.12.06-08.32.22:107][  0]LogInit: Initializing FReadOnlyCVARCache
[2018.12.06-08.32.24:966][  0]LogAIModule: Creating AISystem for world Untitled
[2018.12.06-08.32.25:870][  0]LogInit: XAudio2 using 'Głośniki (2 — Sound BlasterAxx SBX 8)' : 2 channels at 48 kHz using 16 bits per sample (channel mask 0x3)
[2018.12.06-08.32.25:948][  0]LogInit: FAudioDevice initialized.
[2018.12.06-08.32.25:948][  0]LogNetVersion: Set ProjectVersion to 1.0.0.0. Version Checksum will be recalculated on next use.
[2018.12.06-08.32.26:343][  0]LogDerivedDataCache: Saved boot cache 0.40s 71MB C:/Users/Nord/AppData/Local/UnrealEngine/4.21/DerivedDataCache/Boot.ddc.
[2018.12.06-08.32.26:348][  0]LogInit: Texture streaming: Enabled
[2018.12.06-08.32.27:509][  0]LogEngineSessionManager: EngineSessionManager initialized
[2018.12.06-08.32.31:325][  0]LogInit: Transaction tracking system initialized
[2018.12.06-08.32.41:210][  0]BlueprintLog: New page: Editor Load
[2018.12.06-08.33.04:280][  0]LocalizationService: Localization service is disabled
[2018.12.06-08.33.26:960][  0]LogFileCache: Scanning file cache for directory 'E:/Praca/Teyon test/Pong/TeyonPong/Content/' took 0.01s
[2018.12.06-08.33.26:960][  0]LogCook: Display: Max memory allowance for cook 16384mb min free memory 0mb
[2018.12.06-08.33.26:960][  0]LogCook: Display: Mobile HDR setting 1
[2018.12.06-08.33.26:960][  0]LogGameplayTags: Display: UGameplayTagsManager::DoneAddingNativeTags. DelegateIsBound: 0
[2018.12.06-08.33.26:960][  0]LogStats: UGameplayTagsManager::ConstructGameplayTagTree: ImportINI prefixes -  0.000 s
[2018.12.06-08.33.26:960][  0]LogStats: UGameplayTagsManager::ConstructGameplayTagTree: Construct from data asset -  0.000 s
[2018.12.06-08.33.26:961][  0]LogStats: UGameplayTagsManager::ConstructGameplayTagTree: ImportINI -  0.000 s
[2018.12.06-08.33.26:961][  0]LogStats: UGameplayTagsManager::ConstructGameplayTagTree: GameplayTagTreeChangedEvent.Broadcast -  0.000 s
[2018.12.06-08.33.50:957][  0]SourceControl: Source control is disabled
[2018.12.06-08.33.51:037][  0]Cmd: MAP LOAD FILE="../../../Engine/Content/Maps/Templates/Template_Default.umap" TEMPLATE=1 SHOWPROGRESS=1 FEATURELEVEL=3
[2018.12.06-08.33.51:129][  0]LightingResults: New page: Lighting Build
[2018.12.06-08.33.52:278][  0]MapCheck: New page: Map Check
[2018.12.06-08.33.52:278][  0]LightingResults: New page: Lighting Build
[2018.12.06-08.34.05:684][  0]LogAIModule: Creating AISystem for world Untitled_1
[2018.12.06-08.34.08:528][  0]LogEditorServer: Finished looking for orphan Actors (0.000 secs)
[2018.12.06-08.34.09:125][  0]Cmd: MAP CHECKDEP NOCLEARLOG
[2018.12.06-08.34.09:154][  0]MapCheck: Map check complete: 0 Error(s), 0 Warning(s), took 0,107ms to complete.
[2018.12.06-08.34.09:154][  0]LogFileHelpers: Loading map 'Template_Default' took 18.170
[2018.12.06-08.34.23:362][  0]LogSlate: Updating window title bar state: overlay mode, drag disabled, window buttons hidden, title bar hidden
[2018.12.06-08.34.23:777][  0]LogSlate: Updating window title bar state: overlay mode, drag disabled, window buttons hidden, title bar hidden
[2018.12.06-08.34.23:787][  0]LogSlate: Updating window title bar state: overlay mode, drag disabled, window buttons hidden, title bar hidden
[2018.12.06-08.34.23:795][  0]LogSlate: Updating window title bar state: overlay mode, drag disabled, window buttons hidden, title bar hidden
[2018.12.06-08.34.24:698][  0]LogCollectionManager: Loaded 0 collections in 0.002703 seconds
[2018.12.06-08.34.27:569][  0]LogFileCache: Scanning file cache for directory 'E:/Praca/Teyon test/Pong/TeyonPong/Saved/Collections/' took 0.01s
[2018.12.06-08.34.27:569][  0]LogFileCache: Scanning file cache for directory 'E:/Praca/Teyon test/Pong/TeyonPong/Content/Developers/Nord/Collections/' took 0.01s
[2018.12.06-08.34.27:569][  0]LogFileCache: Scanning file cache for directory 'E:/Praca/Teyon test/Pong/TeyonPong/Content/Collections/' took 0.01s
[2018.12.06-08.34.27:569][  0]LogCollectionManager: Rebuilt the GUID cache for 0 collections in 0.000000 seconds
[2018.12.06-08.34.28:019][  0]LogContentBrowser: Native class hierarchy populated in 0.4494 seconds. Added 2653 classes and 622 folders.
[2018.12.06-08.34.29:439][  0]LogContentBrowser: Native class hierarchy updated for 'WidgetCarousel' in 0.0006 seconds. Added 0 classes and 0 folders.
[2018.12.06-08.34.29:842][  0]LogPakFile: Registered encryption key '00000000000000000000000000000000': 0 pak files mounted, 0 remain pending
[2018.12.06-08.34.30:618][  0]LogPakFile: Registered encryption key '00000000000000000000000000000000': 0 pak files mounted, 0 remain pending
[2018.12.06-08.34.30:620][  0]LogPakFile: Registered encryption key '00000000000000000000000000000000': 0 pak files mounted, 0 remain pending
[2018.12.06-08.34.30:753][  0]LogPakFile: Registered encryption key '00000000000000000000000000000000': 0 pak files mounted, 0 remain pending
[2018.12.06-08.34.30:876][  0]LogPakFile: Registered encryption key '00000000000000000000000000000000': 0 pak files mounted, 0 remain pending
[2018.12.06-08.34.31:010][  0]LogPakFile: Registered encryption key '00000000000000000000000000000000': 0 pak files mounted, 0 remain pending
[2018.12.06-08.34.31:011][  0]LogPakFile: Registered encryption key '00000000000000000000000000000000': 0 pak files mounted, 0 remain pending
[2018.12.06-08.34.31:012][  0]LogPakFile: Registered encryption key '00000000000000000000000000000000': 0 pak files mounted, 0 remain pending
[2018.12.06-08.34.31:014][  0]LogPakFile: Registered encryption key '00000000000000000000000000000000': 0 pak files mounted, 0 remain pending
[2018.12.06-08.34.31:230][  0]LogPakFile: Registered encryption key '00000000000000000000000000000000': 0 pak files mounted, 0 remain pending
[2018.12.06-08.34.31:231][  0]LogPakFile: Registered encryption key '00000000000000000000000000000000': 0 pak files mounted, 0 remain pending
[2018.12.06-08.34.31:430][  0]LogPakFile: Registered encryption key '00000000000000000000000000000000': 0 pak files mounted, 0 remain pending
[2018.12.06-08.34.31:675][  0]LogPakFile: Registered encryption key '00000000000000000000000000000000': 0 pak files mounted, 0 remain pending
[2018.12.06-08.34.31:765][  0]LogPakFile: Registered encryption key '00000000000000000000000000000000': 0 pak files mounted, 0 remain pending
[2018.12.06-08.34.31:843][  0]LogPakFile: Registered encryption key '00000000000000000000000000000000': 0 pak files mounted, 0 remain pending
[2018.12.06-08.34.31:943][  0]LogPakFile: Registered encryption key '00000000000000000000000000000000': 0 pak files mounted, 0 remain pending
[2018.12.06-08.34.32:121][  0]LogPakFile: Registered encryption key '00000000000000000000000000000000': 0 pak files mounted, 0 remain pending
[2018.12.06-08.34.32:123][  0]LogPakFile: Registered encryption key '00000000000000000000000000000000': 0 pak files mounted, 0 remain pending
[2018.12.06-08.34.32:213][  0]LogPakFile: Registered encryption key '00000000000000000000000000000000': 0 pak files mounted, 0 remain pending
[2018.12.06-08.34.32:313][  0]LogPakFile: Registered encryption key '00000000000000000000000000000000': 0 pak files mounted, 0 remain pending
[2018.12.06-08.34.32:403][  0]LogPakFile: Registered encryption key '00000000000000000000000000000000': 0 pak files mounted, 0 remain pending
[2018.12.06-08.34.32:614][  0]LogPakFile: Registered encryption key '00000000000000000000000000000000': 0 pak files mounted, 0 remain pending
[2018.12.06-08.34.32:715][  0]LogPakFile: Registered encryption key '00000000000000000000000000000000': 0 pak files mounted, 0 remain pending
[2018.12.06-08.34.33:038][  0]LogPakFile: Registered encryption key '00000000000000000000000000000000': 0 pak files mounted, 0 remain pending
[2018.12.06-08.34.33:160][  0]LogPakFile: Registered encryption key '00000000000000000000000000000000': 0 pak files mounted, 0 remain pending
[2018.12.06-08.34.33:239][  0]LogPakFile: Registered encryption key '00000000000000000000000000000000': 0 pak files mounted, 0 remain pending
[2018.12.06-08.34.41:642][  0]LogContentBrowser: Native class hierarchy updated for 'AddContentDialog' in 0.0005 seconds. Added 0 classes and 0 folders.
[2018.12.06-08.34.44:205][  0]LogContentBrowser: Native class hierarchy updated for 'SceneOutliner' in 0.0006 seconds. Added 1 classes and 2 folders.
[2018.12.06-08.35.03:967][  0]LogSlate: Took 0.060636 seconds to synchronously load lazily loaded font '../../../Engine/Content/Slate/Fonts/Roboto-Regular.ttf' (155K)
[2018.12.06-08.35.04:174][  0]LogSlate: Took 0.188838 seconds to synchronously load lazily loaded font '../../../Engine/Content/Slate/Fonts/Roboto-Bold.ttf' (160K)
[2018.12.06-08.35.04:898][  0]LogSlate: Took 0.117491 seconds to synchronously load lazily loaded font '../../../Engine/Content/Editor/Slate/Fonts/FontAwesome.ttf' (139K)
[2018.12.06-08.35.08:733][  0]LogRenderer: Reallocating scene render targets to support 820x372 Format 10 NumSamples 1 (Frame:1).
[2018.12.06-08.35.12:926][  0]LogContentBrowser: Native class hierarchy updated for 'HierarchicalLODOutliner' in 0.0005 seconds. Added 0 classes and 0 folders.
[2018.12.06-08.35.12:927][  0]LogLoad: (Engine Initialization) Total time: 651.84 seconds
[2018.12.06-08.35.12:927][  0]LogLoad: (Engine Initialization) Total Blueprint compile time: 0.41 seconds
[2018.12.06-08.35.14:608][  0]LogContentStreaming: Texture pool size now 1000 MB
[2018.12.06-08.35.14:935][  0]LogSlate: Took 0.038163 seconds to synchronously load lazily loaded font '../../../Engine/Content/Slate/Fonts/Roboto-Light.ttf' (167K)
[2018.12.06-08.35.16:145][  5]LogAssetRegistry: Asset discovery search completed in 449.5244 seconds
[2018.12.06-08.35.16:186][  5]LogCollectionManager: Rebuilt the object cache for 0 collections in 0.000000 seconds (found 0 objects)
[2018.12.06-08.35.16:186][  5]LogCollectionManager: Fixed up redirectors for 0 collections in 0.000082 seconds (updated 0 objects)
[2018.12.06-08.38.02:361][712]LogSlate: FSceneViewport::OnFocusLost() reason 0
[2018.12.06-08.38.50:992][624]LogSlate: Took 0.000188 seconds to synchronously load lazily loaded font '../../../Engine/Content/Slate/Fonts/Roboto-Light.ttf' (167K)
[2018.12.06-08.38.52:604][624]LogSlate: Took 0.034624 seconds to synchronously load lazily loaded font '../../../Engine/Content/Slate/Fonts/Roboto-BoldCondensed.ttf' (158K)
[2018.12.06-08.39.30:313][369]Running C:/Program Files/Epic Games/UE_4.21/Engine/Binaries/DotNET/UnrealBuildTool.exe Win64 Development -TargetType=Editor -Project="E:/Praca/Teyon test/Pong/TeyonPong/TeyonPong.uproject" -invalidatemakefilesonly
[2018.12.06-08.39.33:018][369]Invalidating makefiles only in this run.
[2018.12.06-08.39.33:390][369]Candidate modules for hot reload:
[2018.12.06-08.39.33:390][369]  TeyonPong
[2018.12.06-08.39.33:390][369]Launching UnrealBuildTool... [C:/Program Files/Epic Games/UE_4.21/Engine/Binaries/DotNET/UnrealBuildTool.exe  -ModuleWithSuffix=TeyonPong,1328 Win64 Development -TargetType=Editor -Project="E:/Praca/Teyon test/Pong/TeyonPong/TeyonPong.uproject" -canskiplink "E:/Praca/Teyon test/Pong/TeyonPong/TeyonPong.uproject" ]
[2018.12.06-08.43.03:641][369]CompilerResultsLog: New page: Compilation - 6 gru 2018, 10:43:03
[2018.12.06-08.43.03:641][369]CompilerResultsLog: Using 'git status' to determine working set for adaptive non-unity build (E:\Praca\Teyon test\Pong).
[2018.12.06-08.43.03:641][369]CompilerResultsLog: Creating makefile for hot reloading TeyonPongEditor (no existing makefile)
[2018.12.06-08.43.03:641][369]CompilerResultsLog: Compiling game modules for hot reload
[2018.12.06-08.43.03:641][369]CompilerResultsLog: Using Visual Studio 2017 14.16.27023 toolchain (C:\Program Files (x86)\Microsoft Visual Studio\2017\Community\VC\Tools\MSVC\14.16.27023) and Windows 10.0.17763.0 SDK (C:\Program Files (x86)\Windows Kits\10).
[2018.12.06-08.43.03:641][369]CompilerResultsLog: Parsing headers for TeyonPongEditor
[2018.12.06-08.43.03:641][369]CompilerResultsLog:   Running UnrealHeaderTool "E:\Praca\Teyon test\Pong\TeyonPong\TeyonPong.uproject" "E:\Praca\Teyon test\Pong\TeyonPong\Intermediate\Build\Win64\TeyonPongEditor\Development\TeyonPongEditor.uhtmanifest" -LogCmds="loginit warning, logexit warning, logdatabase error" -Unattended -WarningsAsErrors -installed
[2018.12.06-08.43.03:641][369]CompilerResultsLog: Reflection code generated for TeyonPongEditor in 13,624625 seconds
[2018.12.06-08.43.03:641][369]CompilerResultsLog: Building 6 actions with 4 processes...
[2018.12.06-08.43.03:641][369]CompilerResultsLog:   [1/6] TeyonPong.init.gen.cpp
[2018.12.06-08.43.03:642][369]CompilerResultsLog:   [2/6] PongCamera.cpp
[2018.12.06-08.43.03:642][369]CompilerResultsLog:   [3/6] Paddle.cpp
[2018.12.06-08.43.03:642][369]CompilerResultsLog:   [4/6] PongCamera.gen.cpp
[2018.12.06-08.43.03:642][369]CompilerResultsLog:   [5/6] UE4Editor-TeyonPong-1328.lib
[2018.12.06-08.43.03:642][369]CompilerResultsLog:      Trwa tworzenie biblioteki E:\Praca\Teyon test\Pong\TeyonPong\Intermediate\Build\Win64\UE4Editor\Development\TeyonPong\UE4Editor-TeyonPong-1328.lib i obiektu E:\Praca\Teyon test\Pong\TeyonPong\Intermediate\Build\Win64\UE4Editor\Development\TeyonPong\UE4Editor-TeyonPong-1328.exp
[2018.12.06-08.43.03:642][369]CompilerResultsLog:   [6/6] UE4Editor-TeyonPong-1328.dll
[2018.12.06-08.43.03:642][369]CompilerResultsLog:      Trwa tworzenie biblioteki E:\Praca\Teyon test\Pong\TeyonPong\Intermediate\Build\Win64\UE4Editor\Development\TeyonPong\UE4Editor-TeyonPong-1328.suppressed.lib i obiektu E:\Praca\Teyon test\Pong\TeyonPong\Intermediate\Build\Win64\UE4Editor\Development\TeyonPong\UE4Editor-TeyonPong-1328.suppressed.exp
[2018.12.06-08.43.03:642][369]CompilerResultsLog: Total build time: 209,90 seconds (Parallel executor: 177,28 seconds)
[2018.12.06-08.43.03:642][369]LogMainFrame: MainFrame: Module compiling took 210.337 seconds
[2018.12.06-08.43.03:696][369]LogClass: Could not find existing class PongCamera in package /Script/TeyonPong for HotReload, assuming new class
[2018.12.06-08.43.03:701][369]LogHotReload: Re-instancing Paddle after hot-reload.
[2018.12.06-08.43.04:115][369]LogContentBrowser: Native class hierarchy updated for 'TeyonPong' in 0.0005 seconds. Added 3 classes and 2 folders.
[2018.12.06-08.43.04:119][369]Display: HotReload successful (0 functions remapped  0 scriptstructs remapped)
[2018.12.06-08.43.04:243][369]LogContentBrowser: Native class hierarchy populated in 0.0125 seconds. Added 2655 classes and 624 folders.
[2018.12.06-08.43.04:290][369]Display: HotReload took 211.0s.
[2018.12.06-08.43.04:291][369]Warning: HotReload operation took 211.0s.
[2018.12.06-08.43.04:728][369]LogSlate: Window 'Add C++ Class' being destroyed
[2018.12.06-08.43.04:759][369]LogHotReload: New module detected: UE4Editor-TeyonPong-1328.dll
[2018.12.06-08.43.04:917][370]LogHotReload: Starting Hot-Reload from IDE
[2018.12.06-08.43.04:974][370]LogContentBrowser: Native class hierarchy updated for 'TeyonPong' in 0.0005 seconds. Added 3 classes and 2 folders.
[2018.12.06-08.43.04:976][370]Display: HotReload successful (0 functions remapped  0 scriptstructs remapped)
[2018.12.06-08.43.05:021][370]LogContentBrowser: Native class hierarchy populated in 0.0146 seconds. Added 2655 classes and 624 folders.
[2018.12.06-08.43.05:024][370]Display: HotReload took  0.1s.
[2018.12.06-08.43.05:030][370]LogUnrealEdMisc: Warning: Heartbeat event firing too frequently (0.000 sec). This should never happen. Something is wrong with the timer delegate!
[2018.12.06-08.43.05:030][370]LogUnrealEdMisc: Warning: Heartbeat event firing too frequently (0.000 sec). This should never happen. Something is wrong with the timer delegate!
[2018.12.06-08.43.13:046][394]LogUnrealEdMisc: Warning: Heartbeat event firing too frequently (8.016 sec). This should never happen. Something is wrong with the timer delegate!
