Log file open, 12/10/18 16:35:57
LogWindows: Failed to load 'aqProf.dll' (GetLastError=126)
LogWindows: File 'aqProf.dll' does not exist
LogWindows: Failed to load 'VtuneApi.dll' (GetLastError=126)
LogWindows: File 'VtuneApi.dll' does not exist
LogWindows: Failed to load 'VtuneApi32e.dll' (GetLastError=126)
LogWindows: File 'VtuneApi32e.dll' does not exist
LogConsoleResponse: Display: Failed to find resolution value strings in scalability ini. Falling back to default.
LogInit: Display: Running engine for game: TeyonPong
LogPakFile: Registered encryption key '00000000000000000000000000000000': 0 pak files mounted, 0 remain pending
LogPlatformFile: Not using cached read wrapper
LogTaskGraph: Started task graph with 5 named threads and 11 total threads with 3 sets of task threads.
LogStats: Stats thread started at 0.151442
LogD3D11RHI: Loaded GFSDK_Aftermath_Lib.x64.dll
LogICUInternationalization: ICU TimeZone Detection - Raw Offset: +1:00, Platform Override: ''
LogPluginManager: Mounting plugin Paper2D
LogPluginManager: Mounting plugin AISupport
LogPluginManager: Mounting plugin LightPropagationVolume
LogPluginManager: Mounting plugin ActorLayerUtilities
LogPluginManager: Mounting plugin CLionSourceCodeAccess
LogPluginManager: Mounting plugin CodeLiteSourceCodeAccess
LogPluginManager: Mounting plugin GitSourceControl
LogPluginManager: Mounting plugin KDevelopSourceCodeAccess
LogPluginManager: Mounting plugin NullSourceCodeAccess
LogPluginManager: Mounting plugin PerforceSourceControl
LogPluginManager: Mounting plugin SubversionSourceControl
LogPluginManager: Mounting plugin UObjectPlugin
LogPluginManager: Mounting plugin VisualStudioCodeSourceCodeAccess
LogPluginManager: Mounting plugin VisualStudioSourceCodeAccess
LogPluginManager: Mounting plugin XCodeSourceCodeAccess
LogPluginManager: Mounting plugin AssetManagerEditor
LogPluginManager: Mounting plugin CryptoKeys
LogPluginManager: Mounting plugin DataValidation
LogPluginManager: Mounting plugin FacialAnimation
LogPluginManager: Mounting plugin GameplayTagsEditor
LogPluginManager: Mounting plugin MacGraphicsSwitching
LogPluginManager: Mounting plugin MeshEditor
LogPluginManager: Mounting plugin MobileLauncherProfileWizard
LogPluginManager: Mounting plugin PluginBrowser
LogPluginManager: Mounting plugin SpeedTreeImporter
LogPluginManager: Mounting plugin DatasmithContent
LogPluginManager: Mounting plugin VariantManagerContent
LogPluginManager: Mounting plugin AlembicImporter
LogPluginManager: Mounting plugin AppleImageUtils
LogPluginManager: Mounting plugin AppleVision
LogPluginManager: Mounting plugin BackChannel
LogPluginManager: Mounting plugin CharacterAI
LogPluginManager: Mounting plugin GeometryCache
LogPluginManager: Mounting plugin HTML5Networking
LogPluginManager: Mounting plugin ProxyLODPlugin
LogPluginManager: Mounting plugin MagicLeap
LogPluginManager: Mounting plugin MagicLeapMedia
LogPluginManager: Mounting plugin AndroidMedia
LogPluginManager: Mounting plugin AvfMedia
LogPluginManager: Mounting plugin ImgMedia
LogPluginManager: Mounting plugin LinearTimecode
LogPluginManager: Mounting plugin MediaCompositing
LogPluginManager: Mounting plugin MediaPlayerEditor
LogPluginManager: Mounting plugin WebMMedia
LogPluginManager: Mounting plugin WmfMedia
LogPluginManager: Mounting plugin TcpMessaging
LogPluginManager: Mounting plugin UdpMessaging
LogPluginManager: Mounting plugin ActorSequence
LogPluginManager: Mounting plugin LevelSequenceEditor
LogPluginManager: Mounting plugin MatineeToLevelSequence
LogPluginManager: Mounting plugin NetcodeUnitTest
LogPluginManager: Mounting plugin NUTUnrealEngine4
LogPluginManager: Mounting plugin OnlineSubsystemGooglePlay
LogPluginManager: Mounting plugin OnlineSubsystemIOS
LogPluginManager: Mounting plugin OnlineSubsystem
LogPluginManager: Mounting plugin OnlineSubsystemNull
LogPluginManager: Mounting plugin OnlineSubsystemUtils
LogPluginManager: Mounting plugin LauncherChunkInstaller
LogPluginManager: Mounting plugin AndroidDeviceProfileSelector
LogPluginManager: Mounting plugin AndroidMoviePlayer
LogPluginManager: Mounting plugin AndroidPermission
LogPluginManager: Mounting plugin AppleMoviePlayer
LogPluginManager: Mounting plugin ArchVisCharacter
LogPluginManager: Mounting plugin AudioCapture
LogPluginManager: Mounting plugin CableComponent
LogPluginManager: Mounting plugin CustomMeshComponent
LogPluginManager: Mounting plugin EditableMesh
LogPluginManager: Mounting plugin ExampleDeviceProfileSelector
LogPluginManager: Mounting plugin Firebase
LogPluginManager: Mounting plugin GoogleCloudMessaging
LogPluginManager: Mounting plugin IOSDeviceProfileSelector
LogPluginManager: Mounting plugin LinuxDeviceProfileSelector
LogPluginManager: Mounting plugin LocationServicesBPLibrary
LogPluginManager: Mounting plugin MobilePatchingUtils
LogPluginManager: Mounting plugin OculusVR
LogPluginManager: Mounting plugin PhysXVehicles
LogPluginManager: Mounting plugin ProceduralMeshComponent
LogPluginManager: Mounting plugin RuntimePhysXCooking
LogPluginManager: Mounting plugin SteamVR
LogPluginManager: Mounting plugin WebMMoviePlayer
LogPluginManager: Mounting plugin WindowsMoviePlayer
LogStreaming: Display: Took  0.041s to configure plugins.
LogInit: Using libcurl 7.55.1-DEV
LogInit:  - built for x86_64-pc-win32
LogInit:  - supports SSL with OpenSSL/1.0.2h
LogInit:  - supports HTTP deflate (compression) using libz 1.2.8
LogInit:  - other features:
LogInit:      CURL_VERSION_SSL
LogInit:      CURL_VERSION_LIBZ
LogInit:      CURL_VERSION_IPV6
LogInit:      CURL_VERSION_ASYNCHDNS
LogInit:      CURL_VERSION_LARGEFILE
LogInit:      CURL_VERSION_IDN
LogInit:  CurlRequestOptions (configurable via config and command line):
LogInit:  - bVerifyPeer = true  - Libcurl will verify peer certificate
LogInit:  - bUseHttpProxy = false  - Libcurl will NOT use HTTP proxy
LogInit:  - bDontReuseConnections = false  - Libcurl will reuse connections
LogInit:  - MaxHostConnections = 16  - Libcurl will limit the number of connections to a host
LogInit:  - LocalHostAddr = Default
LogInit:  - BufferSize = 65536
LogInit: WinSock: version 1.1 (2.2), MaxSocks=32767, MaxUdp=65467
LogInit: Build: ++UE4+Release-4.21-CL-4613538
LogInit: Engine Version: 4.21.1-4613538+++UE4+Release-4.21
LogInit: Compatible Engine Version: 4.21.0-4541578+++UE4+Release-4.21
LogInit: Net CL: 4541578
LogInit: OS: Windows 7 (Service Pack 1), CPU: Intel(R) Core(TM) i5-4210H CPU @ 2.90GHz, GPU: Intel(R) HD Graphics 4600
LogInit: Compiled (64-bit): Nov 30 2018 04:13:25
LogInit: Compiled with Visual C++: 19.13.26129.00
LogInit: Build Configuration: Development
LogInit: Branch Name: ++UE4+Release-4.21
LogInit: Command Line:  /Game/Maps/MainMenu -game -PIEVIACONSOLE -ResX=1280 -ResY=720 -Multiprocess -messaging -SessionName="Play in Standalone Game" -windowed
LogInit: Base Directory: C:/Program Files/Epic Games/UE_4.21/Engine/Binaries/Win64/
LogInit: Installed Engine Build: 1
LogDevObjectVersion: Number of dev versions registered: 22
LogDevObjectVersion:   Dev-Blueprints (B0D832E4-1F89-4F0D-ACCF-7EB736FD4AA2): 10
LogDevObjectVersion:   Dev-Build (E1C64328-A22C-4D53-A36C-8E866417BD8C): 0
LogDevObjectVersion:   Dev-Core (375EC13C-06E4-48FB-B500-84F0262A717E): 2
LogDevObjectVersion:   Dev-Editor (E4B068ED-F494-42E9-A231-DA0B2E46BB41): 26
LogDevObjectVersion:   Dev-Framework (CFFC743F-43B0-4480-9391-14DF171D2073): 34
LogDevObjectVersion:   Dev-Mobile (B02B49B5-BB20-44E9-A304-32B752E40360): 2
LogDevObjectVersion:   Dev-Networking (A4E4105C-59A1-49B5-A7C5-40C4547EDFEE): 0
LogDevObjectVersion:   Dev-Online (39C831C9-5AE6-47DC-9A44-9C173E1C8E7C): 0
LogDevObjectVersion:   Dev-Physics (78F01B33-EBEA-4F98-B9B4-84EACCB95AA2): 0
LogDevObjectVersion:   Dev-Platform (6631380F-2D4D-43E0-8009-CF276956A95A): 0
LogDevObjectVersion:   Dev-Rendering (12F88B9F-8875-4AFC-A67C-D90C383ABD29): 27
LogDevObjectVersion:   Dev-Sequencer (7B5AE74C-D270-4C10-A958-57980B212A5A): 9
LogDevObjectVersion:   Dev-VR (D7296918-1DD6-4BDD-9DE2-64A83CC13884): 2
LogDevObjectVersion:   Dev-LoadTimes (C2A15278-BFE7-4AFE-6C17-90FF531DF755): 1
LogDevObjectVersion:   Private-Geometry (6EACA3D4-40EC-4CC1-B786-8BED09428FC5): 3
LogDevObjectVersion:   Dev-AnimPhys (29E575DD-E0A3-4627-9D10-D276232CDCEA): 17
LogDevObjectVersion:   Dev-Anim (AF43A65D-7FD3-4947-9873-3E8ED9C1BB05): 2
LogDevObjectVersion:   Dev-ReflectionCapture (6B266CEC-1EC7-4B8F-A30B-E4D90942FC07): 1
LogDevObjectVersion:   Dev-Automation (0DF73D61-A23F-47EA-B727-89E90C41499A): 1
LogDevObjectVersion:   FortniteMain (601D1886-AC64-4F84-AA16-D3DE0DEAC7D6): 17
LogDevObjectVersion:   Dev-Enterprise (9DFFBCD6-494F-0158-E221-12823C92A888): 4
LogDevObjectVersion:   Dev-Niagara (F2AED0AC-9AFE-416F-8664-AA7FFA26D6FC): 1
LogStreaming: Display: Took  0.000s to delete old logs.
LogInit: Presizing for max 8388607 objects, including 0 objects not considered by GC, pre-allocating 0 bytes for permanent pool.
LogInit: Object subsystem initialized
LogConfig: Setting CVar [[con.DebugEarlyDefault:1]]
LogConfig: Setting CVar [[r.setres:1280x720]]
[2018.12.10-15.35.57:591][  0]LogConfig: Setting CVar [[con.DebugEarlyDefault:1]]
[2018.12.10-15.35.57:591][  0]LogConfig: Setting CVar [[r.setres:1280x720]]
[2018.12.10-15.35.57:591][  0]LogConfig: Applying CVar settings from Section [/Script/Engine.RendererSettings] File [E:/Praca/Teyon test/Pong/TeyonPong/Saved/Config/Windows/Engine.ini]
[2018.12.10-15.35.57:591][  0]LogConfig: Setting CVar [[r.GPUCrashDebugging:0]]
[2018.12.10-15.35.57:591][  0]LogConfig: Applying CVar settings from Section [/Script/Engine.RendererOverrideSettings] File [E:/Praca/Teyon test/Pong/TeyonPong/Saved/Config/Windows/Engine.ini]
[2018.12.10-15.35.57:591][  0]LogConfig: Applying CVar settings from Section [/Script/Engine.StreamingSettings] File [E:/Praca/Teyon test/Pong/TeyonPong/Saved/Config/Windows/Engine.ini]
[2018.12.10-15.35.57:591][  0]LogConfig: Setting CVar [[s.MinBulkDataSizeForAsyncLoading:131072]]
[2018.12.10-15.35.57:591][  0]LogConfig: Setting CVar [[s.AsyncLoadingThreadEnabled:0]]
[2018.12.10-15.35.57:591][  0]LogConfig: Setting CVar [[s.EventDrivenLoaderEnabled:1]]
[2018.12.10-15.35.57:591][  0]LogConfig: Setting CVar [[s.WarnIfTimeLimitExceeded:0]]
[2018.12.10-15.35.57:591][  0]LogConfig: Setting CVar [[s.TimeLimitExceededMultiplier:1.5]]
[2018.12.10-15.35.57:591][  0]LogConfig: Setting CVar [[s.TimeLimitExceededMinTime:0.005]]
[2018.12.10-15.35.57:591][  0]LogConfig: Setting CVar [[s.UseBackgroundLevelStreaming:1]]
[2018.12.10-15.35.57:591][  0]LogConfig: Setting CVar [[s.PriorityAsyncLoadingExtraTime:15.0]]
[2018.12.10-15.35.57:591][  0]LogConfig: Setting CVar [[s.LevelStreamingActorsUpdateTimeLimit:5.0]]
[2018.12.10-15.35.57:591][  0]LogConfig: Setting CVar [[s.PriorityLevelStreamingActorsUpdateExtraTime:5.0]]
[2018.12.10-15.35.57:591][  0]LogConfig: Setting CVar [[s.LevelStreamingComponentsRegistrationGranularity:10]]
[2018.12.10-15.35.57:591][  0]LogConfig: Setting CVar [[s.UnregisterComponentsTimeLimit:1.0]]
[2018.12.10-15.35.57:591][  0]LogConfig: Setting CVar [[s.LevelStreamingComponentsUnregistrationGranularity:5]]
[2018.12.10-15.35.57:592][  0]LogConfig: Applying CVar settings from Section [/Script/Engine.GarbageCollectionSettings] File [E:/Praca/Teyon test/Pong/TeyonPong/Saved/Config/Windows/Engine.ini]
[2018.12.10-15.35.57:592][  0]LogConfig: Setting CVar [[gc.MaxObjectsNotConsideredByGC:1]]
[2018.12.10-15.35.57:592][  0]LogConfig: Setting CVar [[gc.SizeOfPermanentObjectPool:0]]
[2018.12.10-15.35.57:592][  0]LogConfig: Setting CVar [[gc.FlushStreamingOnGC:0]]
[2018.12.10-15.35.57:592][  0]LogConfig: Setting CVar [[gc.NumRetriesBeforeForcingGC:10]]
[2018.12.10-15.35.57:592][  0]LogConfig: Setting CVar [[gc.AllowParallelGC:1]]
[2018.12.10-15.35.57:592][  0]LogConfig: Setting CVar [[gc.TimeBetweenPurgingPendingKillObjects:61.1]]
[2018.12.10-15.35.57:592][  0]LogConfig: Setting CVar [[gc.MaxObjectsInEditor:8388607]]
[2018.12.10-15.35.57:592][  0]LogConfig: Setting CVar [[gc.IncrementalBeginDestroyEnabled:1]]
[2018.12.10-15.35.57:592][  0]LogConfig: Setting CVar [[gc.CreateGCClusters:1]]
[2018.12.10-15.35.57:592][  0]LogConfig: Setting CVar [[gc.MergeGCClusters:0]]
[2018.12.10-15.35.57:592][  0]LogConfig: Setting CVar [[gc.MinGCClusterSize:5]]
[2018.12.10-15.35.57:592][  0]LogConfig: Setting CVar [[gc.ActorClusteringEnabled:0]]
[2018.12.10-15.35.57:592][  0]LogConfig: Setting CVar [[gc.BlueprintClusteringEnabled:0]]
[2018.12.10-15.35.57:592][  0]LogConfig: Setting CVar [[gc.UseDisregardForGCOnDedicatedServers:0]]
[2018.12.10-15.35.57:592][  0]LogConfig: Applying CVar settings from Section [/Script/Engine.NetworkSettings] File [E:/Praca/Teyon test/Pong/TeyonPong/Saved/Config/Windows/Engine.ini]
[2018.12.10-15.35.57:592][  0]LogConfig: Applying CVar settings from Section [/Script/UnrealEd.CookerSettings] File [E:/Praca/Teyon test/Pong/TeyonPong/Saved/Config/Windows/Engine.ini]
[2018.12.10-15.35.57:595][  0]LogConfig: Applying CVar settings from Section [ViewDistanceQuality@3] File [E:/Praca/Teyon test/Pong/TeyonPong/Saved/Config/Windows/Scalability.ini]
[2018.12.10-15.35.57:595][  0]LogConfig: Setting CVar [[r.SkeletalMeshLODBias:0]]
[2018.12.10-15.35.57:595][  0]LogConfig: Setting CVar [[r.ViewDistanceScale:1.0]]
[2018.12.10-15.35.57:595][  0]LogConfig: Applying CVar settings from Section [AntiAliasingQuality@3] File [E:/Praca/Teyon test/Pong/TeyonPong/Saved/Config/Windows/Scalability.ini]
[2018.12.10-15.35.57:595][  0]LogConfig: Setting CVar [[r.PostProcessAAQuality:4]]
[2018.12.10-15.35.57:595][  0]LogConfig: Applying CVar settings from Section [ShadowQuality@3] File [E:/Praca/Teyon test/Pong/TeyonPong/Saved/Config/Windows/Scalability.ini]
[2018.12.10-15.35.57:595][  0]LogConfig: Setting CVar [[r.LightFunctionQuality:1]]
[2018.12.10-15.35.57:595][  0]LogConfig: Setting CVar [[r.ShadowQuality:5]]
[2018.12.10-15.35.57:595][  0]LogConfig: Setting CVar [[r.Shadow.CSM.MaxCascades:10]]
[2018.12.10-15.35.57:595][  0]LogConfig: Setting CVar [[r.Shadow.MaxResolution:2048]]
[2018.12.10-15.35.57:595][  0]LogConfig: Setting CVar [[r.Shadow.MaxCSMResolution:2048]]
[2018.12.10-15.35.57:595][  0]LogConfig: Setting CVar [[r.Shadow.RadiusThreshold:0.01]]
[2018.12.10-15.35.57:595][  0]LogConfig: Setting CVar [[r.Shadow.DistanceScale:1.0]]
[2018.12.10-15.35.57:595][  0]LogConfig: Setting CVar [[r.Shadow.CSM.TransitionScale:1.0]]
[2018.12.10-15.35.57:595][  0]LogConfig: Setting CVar [[r.Shadow.PreShadowResolutionFactor:1.0]]
[2018.12.10-15.35.57:595][  0]LogConfig: Setting CVar [[r.DistanceFieldShadowing:1]]
[2018.12.10-15.35.57:595][  0]LogConfig: Setting CVar [[r.DistanceFieldAO:1]]
[2018.12.10-15.35.57:595][  0]LogConfig: Setting CVar [[r.AOQuality:2]]
[2018.12.10-15.35.57:595][  0]LogConfig: Setting CVar [[r.VolumetricFog:1]]
[2018.12.10-15.35.57:595][  0]LogConfig: Setting CVar [[r.VolumetricFog.GridPixelSize:8]]
[2018.12.10-15.35.57:595][  0]LogConfig: Setting CVar [[r.VolumetricFog.GridSizeZ:128]]
[2018.12.10-15.35.57:595][  0]LogConfig: Setting CVar [[r.VolumetricFog.HistoryMissSupersampleCount:4]]
[2018.12.10-15.35.57:595][  0]LogConfig: Setting CVar [[r.LightMaxDrawDistanceScale:1]]
[2018.12.10-15.35.57:595][  0]LogConfig: Setting CVar [[r.CapsuleShadows:1]]
[2018.12.10-15.35.57:595][  0]LogConfig: Applying CVar settings from Section [PostProcessQuality@3] File [E:/Praca/Teyon test/Pong/TeyonPong/Saved/Config/Windows/Scalability.ini]
[2018.12.10-15.35.57:595][  0]LogConfig: Setting CVar [[r.MotionBlurQuality:4]]
[2018.12.10-15.35.57:595][  0]LogConfig: Setting CVar [[r.AmbientOcclusionMipLevelFactor:0.4]]
[2018.12.10-15.35.57:595][  0]LogConfig: Setting CVar [[r.AmbientOcclusionMaxQuality:100]]
[2018.12.10-15.35.57:595][  0]LogConfig: Setting CVar [[r.AmbientOcclusionLevels:-1]]
[2018.12.10-15.35.57:595][  0]LogConfig: Setting CVar [[r.AmbientOcclusionRadiusScale:1.0]]
[2018.12.10-15.35.57:595][  0]LogConfig: Setting CVar [[r.DepthOfFieldQuality:2]]
[2018.12.10-15.35.57:595][  0]LogConfig: Setting CVar [[r.RenderTargetPoolMin:400]]
[2018.12.10-15.35.57:595][  0]LogConfig: Setting CVar [[r.LensFlareQuality:2]]
[2018.12.10-15.35.57:595][  0]LogConfig: Setting CVar [[r.SceneColorFringeQuality:1]]
[2018.12.10-15.35.57:595][  0]LogConfig: Setting CVar [[r.EyeAdaptationQuality:2]]
[2018.12.10-15.35.57:595][  0]LogConfig: Setting CVar [[r.BloomQuality:5]]
[2018.12.10-15.35.57:595][  0]LogConfig: Setting CVar [[r.FastBlurThreshold:100]]
[2018.12.10-15.35.57:595][  0]LogConfig: Setting CVar [[r.Upscale.Quality:3]]
[2018.12.10-15.35.57:595][  0]LogConfig: Setting CVar [[r.Tonemapper.GrainQuantization:1]]
[2018.12.10-15.35.57:595][  0]LogConfig: Setting CVar [[r.LightShaftQuality:1]]
[2018.12.10-15.35.57:595][  0]LogConfig: Setting CVar [[r.Filter.SizeScale:1]]
[2018.12.10-15.35.57:595][  0]LogConfig: Setting CVar [[r.Tonemapper.Quality:5]]
[2018.12.10-15.35.57:595][  0]LogConfig: Setting CVar [[r.DOF.Gather.AccumulatorQuality:1        ; higher gathering accumulator quality]]
[2018.12.10-15.35.57:595][  0]LogConfig: Setting CVar [[r.DOF.Gather.PostfilterMethod:1          ; Median3x3 postfilering method]]
[2018.12.10-15.35.57:595][  0]LogConfig: Setting CVar [[r.DOF.Gather.EnableBokehSettings:0       ; no bokeh simulation when gathering]]
[2018.12.10-15.35.57:595][  0]LogConfig: Setting CVar [[r.DOF.Gather.RingCount:4                 ; medium number of samples when gathering]]
[2018.12.10-15.35.57:595][  0]LogConfig: Setting CVar [[r.DOF.Scatter.ForegroundCompositing:1    ; additive foreground scattering]]
[2018.12.10-15.35.57:595][  0]LogConfig: Setting CVar [[r.DOF.Scatter.BackgroundCompositing:2    ; additive background scattering]]
[2018.12.10-15.35.57:595][  0]LogConfig: Setting CVar [[r.DOF.Scatter.EnableBokehSettings:1      ; bokeh simulation when scattering]]
[2018.12.10-15.35.57:595][  0]LogConfig: Setting CVar [[r.DOF.Scatter.MaxSpriteRatio:0.1         ; only a maximum of 10% of scattered bokeh]]
[2018.12.10-15.35.57:595][  0]LogConfig: Setting CVar [[r.DOF.Recombine.Quality:1                ; cheap slight out of focus]]
[2018.12.10-15.35.57:595][  0]LogConfig: Setting CVar [[r.DOF.Recombine.EnableBokehSettings:0    ; no bokeh simulation on slight out of focus]]
[2018.12.10-15.35.57:595][  0]LogConfig: Setting CVar [[r.DOF.TemporalAAQuality:1                ; more stable temporal accumulation]]
[2018.12.10-15.35.57:595][  0]LogConfig: Setting CVar [[r.DOF.Kernel.MaxForegroundRadius:0.025]]
[2018.12.10-15.35.57:595][  0]LogConfig: Setting CVar [[r.DOF.Kernel.MaxBackgroundRadius:0.025]]
[2018.12.10-15.35.57:595][  0]LogConfig: Applying CVar settings from Section [TextureQuality@3] File [E:/Praca/Teyon test/Pong/TeyonPong/Saved/Config/Windows/Scalability.ini]
[2018.12.10-15.35.57:595][  0]LogConfig: Setting CVar [[r.Streaming.MipBias:0]]
[2018.12.10-15.35.57:595][  0]LogConfig: Setting CVar [[r.Streaming.AmortizeCPUToGPUCopy:0]]
[2018.12.10-15.35.57:595][  0]LogConfig: Setting CVar [[r.Streaming.MaxNumTexturesToStreamPerFrame:0]]
[2018.12.10-15.35.57:596][  0]LogConfig: Setting CVar [[r.Streaming.Boost:1]]
[2018.12.10-15.35.57:596][  0]LogConfig: Setting CVar [[r.MaxAnisotropy:8]]
[2018.12.10-15.35.57:596][  0]LogConfig: Setting CVar [[r.Streaming.LimitPoolSizeToVRAM:0]]
[2018.12.10-15.35.57:596][  0]LogConfig: Setting CVar [[r.Streaming.PoolSize:1000]]
[2018.12.10-15.35.57:596][  0]LogConfig: Setting CVar [[r.Streaming.MaxEffectiveScreenSize:0]]
[2018.12.10-15.35.57:596][  0]LogConfig: Applying CVar settings from Section [EffectsQuality@3] File [E:/Praca/Teyon test/Pong/TeyonPong/Saved/Config/Windows/Scalability.ini]
[2018.12.10-15.35.57:596][  0]LogConfig: Setting CVar [[r.TranslucencyLightingVolumeDim:64]]
[2018.12.10-15.35.57:596][  0]LogConfig: Setting CVar [[r.RefractionQuality:2]]
[2018.12.10-15.35.57:596][  0]LogConfig: Setting CVar [[r.SSR.Quality:3]]
[2018.12.10-15.35.57:596][  0]LogConfig: Setting CVar [[r.SceneColorFormat:4]]
[2018.12.10-15.35.57:596][  0]LogConfig: Setting CVar [[r.DetailMode:2]]
[2018.12.10-15.35.57:596][  0]LogConfig: Setting CVar [[r.TranslucencyVolumeBlur:1]]
[2018.12.10-15.35.57:596][  0]LogConfig: Setting CVar [[r.MaterialQualityLevel:1 ; High quality]]
[2018.12.10-15.35.57:596][  0]LogConfig: Setting CVar [[r.SSS.Scale:1]]
[2018.12.10-15.35.57:596][  0]LogConfig: Setting CVar [[r.SSS.SampleSet:2]]
[2018.12.10-15.35.57:596][  0]LogConfig: Setting CVar [[r.SSS.Quality:1]]
[2018.12.10-15.35.57:596][  0]LogConfig: Setting CVar [[r.SSS.HalfRes:1]]
[2018.12.10-15.35.57:596][  0]LogConfig: Setting CVar [[r.EmitterSpawnRateScale:1.0]]
[2018.12.10-15.35.57:596][  0]LogConfig: Setting CVar [[r.ParticleLightQuality:2]]
[2018.12.10-15.35.57:596][  0]LogConfig: Applying CVar settings from Section [FoliageQuality@3] File [E:/Praca/Teyon test/Pong/TeyonPong/Saved/Config/Windows/Scalability.ini]
[2018.12.10-15.35.57:596][  0]LogConfig: Setting CVar [[foliage.DensityScale:1.0]]
[2018.12.10-15.35.57:596][  0]LogConfig: Setting CVar [[grass.DensityScale:1.0]]
[2018.12.10-15.35.57:596][  0]LogInit: Selected Device Profile: [Windows]
[2018.12.10-15.35.57:596][  0]LogInit: Applying CVar settings loaded from the selected device profile: [Windows]
[2018.12.10-15.35.57:602][  0]LogHAL: Display: Platform has ~ 16 GB [17103699968 / 17179869184 / 16], which maps to Larger [LargestMinGB=32, LargerMinGB=12, DefaultMinGB=8, SmallerMinGB=6, SmallestMinGB=0)
[2018.12.10-15.35.57:602][  0]LogConfig: Setting CVar [[r.Vulkan.UseRealUBs:1]]
[2018.12.10-15.35.57:602][  0]LogInit: Going up to parent DeviceProfile []
[2018.12.10-15.35.57:602][  0]LogConfig: Applying CVar settings from Section [ViewDistanceQuality@3] File [E:/Praca/Teyon test/Pong/TeyonPong/Saved/Config/Windows/Scalability.ini]
[2018.12.10-15.35.57:602][  0]LogConfig: Setting CVar [[r.SkeletalMeshLODBias:0]]
[2018.12.10-15.35.57:602][  0]LogConfig: Setting CVar [[r.ViewDistanceScale:1.0]]
[2018.12.10-15.35.57:602][  0]LogConfig: Applying CVar settings from Section [AntiAliasingQuality@3] File [E:/Praca/Teyon test/Pong/TeyonPong/Saved/Config/Windows/Scalability.ini]
[2018.12.10-15.35.57:602][  0]LogConfig: Setting CVar [[r.PostProcessAAQuality:4]]
[2018.12.10-15.35.57:602][  0]LogConfig: Applying CVar settings from Section [ShadowQuality@3] File [E:/Praca/Teyon test/Pong/TeyonPong/Saved/Config/Windows/Scalability.ini]
[2018.12.10-15.35.57:602][  0]LogConfig: Setting CVar [[r.LightFunctionQuality:1]]
[2018.12.10-15.35.57:602][  0]LogConfig: Setting CVar [[r.ShadowQuality:5]]
[2018.12.10-15.35.57:602][  0]LogConfig: Setting CVar [[r.Shadow.CSM.MaxCascades:10]]
[2018.12.10-15.35.57:602][  0]LogConfig: Setting CVar [[r.Shadow.MaxResolution:2048]]
[2018.12.10-15.35.57:602][  0]LogConfig: Setting CVar [[r.Shadow.MaxCSMResolution:2048]]
[2018.12.10-15.35.57:602][  0]LogConfig: Setting CVar [[r.Shadow.RadiusThreshold:0.01]]
[2018.12.10-15.35.57:602][  0]LogConfig: Setting CVar [[r.Shadow.DistanceScale:1.0]]
[2018.12.10-15.35.57:602][  0]LogConfig: Setting CVar [[r.Shadow.CSM.TransitionScale:1.0]]
[2018.12.10-15.35.57:602][  0]LogConfig: Setting CVar [[r.Shadow.PreShadowResolutionFactor:1.0]]
[2018.12.10-15.35.57:602][  0]LogConfig: Setting CVar [[r.DistanceFieldShadowing:1]]
[2018.12.10-15.35.57:602][  0]LogConfig: Setting CVar [[r.DistanceFieldAO:1]]
[2018.12.10-15.35.57:603][  0]LogConfig: Setting CVar [[r.AOQuality:2]]
[2018.12.10-15.35.57:603][  0]LogConfig: Setting CVar [[r.VolumetricFog:1]]
[2018.12.10-15.35.57:603][  0]LogConfig: Setting CVar [[r.VolumetricFog.GridPixelSize:8]]
[2018.12.10-15.35.57:603][  0]LogConfig: Setting CVar [[r.VolumetricFog.GridSizeZ:128]]
[2018.12.10-15.35.57:603][  0]LogConfig: Setting CVar [[r.VolumetricFog.HistoryMissSupersampleCount:4]]
[2018.12.10-15.35.57:603][  0]LogConfig: Setting CVar [[r.LightMaxDrawDistanceScale:1]]
[2018.12.10-15.35.57:603][  0]LogConfig: Setting CVar [[r.CapsuleShadows:1]]
[2018.12.10-15.35.57:603][  0]LogConfig: Applying CVar settings from Section [PostProcessQuality@3] File [E:/Praca/Teyon test/Pong/TeyonPong/Saved/Config/Windows/Scalability.ini]
[2018.12.10-15.35.57:603][  0]LogConfig: Setting CVar [[r.MotionBlurQuality:4]]
[2018.12.10-15.35.57:603][  0]LogConfig: Setting CVar [[r.AmbientOcclusionMipLevelFactor:0.4]]
[2018.12.10-15.35.57:603][  0]LogConfig: Setting CVar [[r.AmbientOcclusionMaxQuality:100]]
[2018.12.10-15.35.57:603][  0]LogConfig: Setting CVar [[r.AmbientOcclusionLevels:-1]]
[2018.12.10-15.35.57:603][  0]LogConfig: Setting CVar [[r.AmbientOcclusionRadiusScale:1.0]]
[2018.12.10-15.35.57:603][  0]LogConfig: Setting CVar [[r.DepthOfFieldQuality:2]]
[2018.12.10-15.35.57:603][  0]LogConfig: Setting CVar [[r.RenderTargetPoolMin:400]]
[2018.12.10-15.35.57:603][  0]LogConfig: Setting CVar [[r.LensFlareQuality:2]]
[2018.12.10-15.35.57:603][  0]LogConfig: Setting CVar [[r.SceneColorFringeQuality:1]]
[2018.12.10-15.35.57:603][  0]LogConfig: Setting CVar [[r.EyeAdaptationQuality:2]]
[2018.12.10-15.35.57:603][  0]LogConfig: Setting CVar [[r.BloomQuality:5]]
[2018.12.10-15.35.57:603][  0]LogConfig: Setting CVar [[r.FastBlurThreshold:100]]
[2018.12.10-15.35.57:603][  0]LogConfig: Setting CVar [[r.Upscale.Quality:3]]
[2018.12.10-15.35.57:603][  0]LogConfig: Setting CVar [[r.Tonemapper.GrainQuantization:1]]
[2018.12.10-15.35.57:603][  0]LogConfig: Setting CVar [[r.LightShaftQuality:1]]
[2018.12.10-15.35.57:603][  0]LogConfig: Setting CVar [[r.Filter.SizeScale:1]]
[2018.12.10-15.35.57:603][  0]LogConfig: Setting CVar [[r.Tonemapper.Quality:5]]
[2018.12.10-15.35.57:603][  0]LogConfig: Setting CVar [[r.DOF.Gather.AccumulatorQuality:1        ; higher gathering accumulator quality]]
[2018.12.10-15.35.57:603][  0]LogConfig: Setting CVar [[r.DOF.Gather.PostfilterMethod:1          ; Median3x3 postfilering method]]
[2018.12.10-15.35.57:603][  0]LogConfig: Setting CVar [[r.DOF.Gather.EnableBokehSettings:0       ; no bokeh simulation when gathering]]
[2018.12.10-15.35.57:603][  0]LogConfig: Setting CVar [[r.DOF.Gather.RingCount:4                 ; medium number of samples when gathering]]
[2018.12.10-15.35.57:603][  0]LogConfig: Setting CVar [[r.DOF.Scatter.ForegroundCompositing:1    ; additive foreground scattering]]
[2018.12.10-15.35.57:603][  0]LogConfig: Setting CVar [[r.DOF.Scatter.BackgroundCompositing:2    ; additive background scattering]]
[2018.12.10-15.35.57:603][  0]LogConfig: Setting CVar [[r.DOF.Scatter.EnableBokehSettings:1      ; bokeh simulation when scattering]]
[2018.12.10-15.35.57:603][  0]LogConfig: Setting CVar [[r.DOF.Scatter.MaxSpriteRatio:0.1         ; only a maximum of 10% of scattered bokeh]]
[2018.12.10-15.35.57:603][  0]LogConfig: Setting CVar [[r.DOF.Recombine.Quality:1                ; cheap slight out of focus]]
[2018.12.10-15.35.57:603][  0]LogConfig: Setting CVar [[r.DOF.Recombine.EnableBokehSettings:0    ; no bokeh simulation on slight out of focus]]
[2018.12.10-15.35.57:603][  0]LogConfig: Setting CVar [[r.DOF.TemporalAAQuality:1                ; more stable temporal accumulation]]
[2018.12.10-15.35.57:603][  0]LogConfig: Setting CVar [[r.DOF.Kernel.MaxForegroundRadius:0.025]]
[2018.12.10-15.35.57:603][  0]LogConfig: Setting CVar [[r.DOF.Kernel.MaxBackgroundRadius:0.025]]
[2018.12.10-15.35.57:603][  0]LogConfig: Applying CVar settings from Section [TextureQuality@3] File [E:/Praca/Teyon test/Pong/TeyonPong/Saved/Config/Windows/Scalability.ini]
[2018.12.10-15.35.57:603][  0]LogConfig: Setting CVar [[r.Streaming.MipBias:0]]
[2018.12.10-15.35.57:603][  0]LogConfig: Setting CVar [[r.Streaming.AmortizeCPUToGPUCopy:0]]
[2018.12.10-15.35.57:603][  0]LogConfig: Setting CVar [[r.Streaming.MaxNumTexturesToStreamPerFrame:0]]
[2018.12.10-15.35.57:603][  0]LogConfig: Setting CVar [[r.Streaming.Boost:1]]
[2018.12.10-15.35.57:603][  0]LogConfig: Setting CVar [[r.MaxAnisotropy:8]]
[2018.12.10-15.35.57:603][  0]LogConfig: Setting CVar [[r.Streaming.LimitPoolSizeToVRAM:0]]
[2018.12.10-15.35.57:603][  0]LogConfig: Setting CVar [[r.Streaming.PoolSize:1000]]
[2018.12.10-15.35.57:603][  0]LogConfig: Setting CVar [[r.Streaming.MaxEffectiveScreenSize:0]]
[2018.12.10-15.35.57:603][  0]LogConfig: Applying CVar settings from Section [EffectsQuality@3] File [E:/Praca/Teyon test/Pong/TeyonPong/Saved/Config/Windows/Scalability.ini]
[2018.12.10-15.35.57:603][  0]LogConfig: Setting CVar [[r.TranslucencyLightingVolumeDim:64]]
[2018.12.10-15.35.57:603][  0]LogConfig: Setting CVar [[r.RefractionQuality:2]]
[2018.12.10-15.35.57:603][  0]LogConfig: Setting CVar [[r.SSR.Quality:3]]
[2018.12.10-15.35.57:603][  0]LogConfig: Setting CVar [[r.SceneColorFormat:4]]
[2018.12.10-15.35.57:603][  0]LogConfig: Setting CVar [[r.DetailMode:2]]
[2018.12.10-15.35.57:604][  0]LogConfig: Setting CVar [[r.TranslucencyVolumeBlur:1]]
[2018.12.10-15.35.57:604][  0]LogConfig: Setting CVar [[r.MaterialQualityLevel:1 ; High quality]]
[2018.12.10-15.35.57:604][  0]LogConfig: Setting CVar [[r.SSS.Scale:1]]
[2018.12.10-15.35.57:604][  0]LogConfig: Setting CVar [[r.SSS.SampleSet:2]]
[2018.12.10-15.35.57:604][  0]LogConfig: Setting CVar [[r.SSS.Quality:1]]
[2018.12.10-15.35.57:604][  0]LogConfig: Setting CVar [[r.SSS.HalfRes:1]]
[2018.12.10-15.35.57:604][  0]LogConfig: Setting CVar [[r.EmitterSpawnRateScale:1.0]]
[2018.12.10-15.35.57:604][  0]LogConfig: Setting CVar [[r.ParticleLightQuality:2]]
[2018.12.10-15.35.57:604][  0]LogConfig: Applying CVar settings from Section [FoliageQuality@3] File [E:/Praca/Teyon test/Pong/TeyonPong/Saved/Config/Windows/Scalability.ini]
[2018.12.10-15.35.57:604][  0]LogConfig: Setting CVar [[foliage.DensityScale:1.0]]
[2018.12.10-15.35.57:604][  0]LogConfig: Setting CVar [[grass.DensityScale:1.0]]
[2018.12.10-15.35.57:604][  0]LogConfig: Applying CVar settings from Section [Startup] File [../../../Engine/Config/ConsoleVariables.ini]
[2018.12.10-15.35.57:604][  0]LogConfig: Setting CVar [[net.UseAdaptiveNetUpdateFrequency:0]]
[2018.12.10-15.35.57:604][  0]LogConfig: Applying CVar settings from Section [ConsoleVariables] File [E:/Praca/Teyon test/Pong/TeyonPong/Saved/Config/Windows/Engine.ini]
[2018.12.10-15.35.57:604][  0]LogInit: Computer: NORD-KOMPUTER
[2018.12.10-15.35.57:604][  0]LogInit: User: Nord
[2018.12.10-15.35.57:604][  0]LogInit: CPU Page size=4096, Cores=2
[2018.12.10-15.35.57:605][  0]LogInit: High frequency timer resolution =2.825566 MHz
[2018.12.10-15.35.57:605][  0]LogMemory: Memory total: Physical=15.9GB (16GB approx)
[2018.12.10-15.35.57:605][  0]LogMemory: Platform Memory Stats for Windows
[2018.12.10-15.35.57:605][  0]LogMemory: Process Physical Memory: 102.84 MB used, 102.84 MB peak
[2018.12.10-15.35.57:605][  0]LogMemory: Process Virtual Memory: 93.72 MB used, 93.72 MB peak
[2018.12.10-15.35.57:605][  0]LogMemory: Physical Memory: 8057.56 MB used,  8253.80 MB free, 16311.36 MB total
[2018.12.10-15.35.57:605][  0]LogMemory: Virtual Memory: 484.49 MB used,  8388123.50 MB free, 8388608.00 MB total
[2018.12.10-15.35.57:642][  0]LogInit: Using OS detected language (pl-PL).
[2018.12.10-15.35.57:642][  0]LogInit: Using OS detected locale (pl-PL).
[2018.12.10-15.35.57:643][  0]LogTextLocalizationManager: No specific localization for 'pl-PL' exists, so the 'pl' localization will be used.
[2018.12.10-15.35.57:645][  0]LogStreaming: Display: Took  0.003s to InitEngineTextLocalization.
[2018.12.10-15.35.57:669][  0]LogSlate: New Slate User Created.  User Index 0, Is Virtual User: 0
[2018.12.10-15.35.57:669][  0]LogSlate: Slate User Registered.  User Index 0, Is Virtual User: 0
[2018.12.10-15.35.57:676][  0]LogHMD: Failed to initialize OpenVR with code 110
[2018.12.10-15.35.57:676][  0]LogD3D11RHI: D3D11 adapters:
[2018.12.10-15.35.57:711][  0]LogD3D11RHI:    0. 'NVIDIA GeForce GTX 860M' (Feature Level 11_0)
[2018.12.10-15.35.57:711][  0]LogD3D11RHI:       1986/0/7899 MB DedicatedVideo/DedicatedSystem/SharedSystem, Outputs:1, VendorId:0x10de
[2018.12.10-15.35.57:732][  0]LogD3D11RHI:    1. 'NVIDIA GeForce GTX 860M' (Feature Level 11_0)
[2018.12.10-15.35.57:732][  0]LogD3D11RHI:       1986/0/7899 MB DedicatedVideo/DedicatedSystem/SharedSystem, Outputs:0, VendorId:0x10de
[2018.12.10-15.35.57:732][  0]LogD3D11RHI: Chosen D3D11 Adapter: 0
[2018.12.10-15.35.57:746][  0]LogD3D11RHI: Creating new Direct3DDevice
[2018.12.10-15.35.57:746][  0]LogD3D11RHI:     GPU DeviceId: 0x1392 (for the marketing name, search the web for "GPU Device Id")
[2018.12.10-15.35.57:746][  0]LogWindows: EnumDisplayDevices:
[2018.12.10-15.35.57:746][  0]LogWindows:    0. 'Intel(R) HD Graphics 4600' (P:1 D:1)
[2018.12.10-15.35.57:747][  0]LogWindows:    1. 'Intel(R) HD Graphics 4600' (P:0 D:0)
[2018.12.10-15.35.57:747][  0]LogWindows:    2. 'Intel(R) HD Graphics 4600' (P:0 D:0)
[2018.12.10-15.35.57:747][  0]LogWindows:    3. 'NVIDIA GeForce GTX 860M' (P:0 D:0)
[2018.12.10-15.35.57:747][  0]LogWindows:    4. 'RDPDD Chained DD' (P:0 D:0)
[2018.12.10-15.35.57:747][  0]LogWindows:    5. 'RDP Encoder Mirror Driver' (P:0 D:0)
[2018.12.10-15.35.57:748][  0]LogWindows:    6. 'RDP Reflector Display Driver' (P:0 D:0)
[2018.12.10-15.35.57:748][  0]LogWindows: DebugString: PrimaryIsNotTheChoosenAdapter PrimaryIsNotTheChoosenAdapter PrimaryIsNotTheChoosenAdapter GetVideoDriverDetailsInvalid PrimaryIsNotTheChoosenAdapter GetVideoDriverDetailsInvalid PrimaryIsNotTheChoosenAdapter GetVideoDriverDetailsInvalid PrimaryIsNotTheChoosenAdapter 
[2018.12.10-15.35.57:748][  0]LogD3D11RHI:     Adapter Name: NVIDIA GeForce GTX 860M
[2018.12.10-15.35.57:748][  0]LogD3D11RHI:   Driver Version: 398.11 (internal:24.21.13.9811, unified:398.11)
[2018.12.10-15.35.57:748][  0]LogD3D11RHI:      Driver Date: 6-1-2018
[2018.12.10-15.35.57:748][  0]LogRHI: Texture pool is 1390 MB (70% of 1986 MB)
[2018.12.10-15.35.57:771][  0]LogD3D11RHI: Async texture creation enabled
[2018.12.10-15.35.57:788][  0]LogD3D11RHI: GPU Timing Frequency: 1000.000000 (Debug: 2 2)
[2018.12.10-15.35.58:250][  0]LogTemp: Display: Loaded TP WindowsClientTargetPlatform
[2018.12.10-15.35.58:263][  0]LogTemp: Display: Loaded TP WindowsNoEditorTargetPlatform
[2018.12.10-15.35.58:277][  0]LogTemp: Display: Loaded TP WindowsServerTargetPlatform
[2018.12.10-15.35.58:283][  0]LogTemp: Display: Loaded TP WindowsTargetPlatform
[2018.12.10-15.35.58:283][  0]LogTargetPlatformManager: Display: Building Assets For Windows
[2018.12.10-15.35.58:336][  0]LogShaderCompilers: Guid format shader working directory is 10 characters bigger than the processId version (E:/Praca/Teyon test/Pong/TeyonPong/Intermediate/Shaders/WorkingDirectory/10888/).
[2018.12.10-15.35.58:336][  0]LogShaderCompilers: Cleaned the shader compiler working directory 'C:/Users/Nord/AppData/Local/Temp/UnrealShaderWorkingDir/07587F944D3A173F35FE4EA22292F020/'.
[2018.12.10-15.35.58:340][  0]LogXGEController: Cannot use XGE Controller as Incredibuild is not installed on this machine.
[2018.12.10-15.35.58:340][  0]LogShaderCompilers: Cannot use XGE Shader Compiler as Incredibuild is not installed on this machine.
[2018.12.10-15.35.58:340][  0]LogShaderCompilers: Display: Using Local Shader Compiler.
[2018.12.10-15.35.58:902][  0]LogDerivedDataCache: Display: Max Cache Size: 512 MB
[2018.12.10-15.35.58:960][  0]LogDerivedDataCache: Loaded boot cache 0.06s 71MB C:/Users/Nord/AppData/Local/UnrealEngine/4.21/DerivedDataCache/Boot.ddc.
[2018.12.10-15.35.58:961][  0]LogDerivedDataCache: Display: Loaded Boot cache: C:/Users/Nord/AppData/Local/UnrealEngine/4.21/DerivedDataCache/Boot.ddc
[2018.12.10-15.35.58:961][  0]LogDerivedDataCache: FDerivedDataBackendGraph:  Pak pak cache file E:/Praca/Teyon test/Pong/TeyonPong/DerivedDataCache/DDC.ddp not found, will not use a pak cache.
[2018.12.10-15.35.58:961][  0]LogDerivedDataCache: Unable to find inner node Pak for hierarchical cache Hierarchy.
[2018.12.10-15.35.58:961][  0]LogDerivedDataCache: FDerivedDataBackendGraph:  CompressedPak pak cache file E:/Praca/Teyon test/Pong/TeyonPong/DerivedDataCache/Compressed.ddp not found, will not use a pak cache.
[2018.12.10-15.35.58:961][  0]LogDerivedDataCache: Unable to find inner node CompressedPak for hierarchical cache Hierarchy.
[2018.12.10-15.35.58:974][  0]LogDerivedDataCache: Display: Pak cache opened for reading ../../../Engine/DerivedDataCache/Compressed.ddp.
[2018.12.10-15.35.58:974][  0]LogDerivedDataCache: FDerivedDataBackendGraph:  EnterprisePak pak cache file ../../../Enterprise/DerivedDataCache/Compressed.ddp not found, will not use a pak cache.
[2018.12.10-15.35.58:974][  0]LogDerivedDataCache: Unable to find inner node EnterprisePak for hierarchical cache Hierarchy.
[2018.12.10-15.35.58:986][  0]LogDerivedDataCache: Using Local data cache path C:/Users/Nord/AppData/Local/UnrealEngine/Common/DerivedDataCache: Writable
[2018.12.10-15.35.58:986][  0]LogDerivedDataCache: Shared data cache path not found in *engine.ini, will not use an Shared cache.
[2018.12.10-15.35.58:986][  0]LogDerivedDataCache: Unable to find inner node Shared for hierarchical cache Hierarchy.
[2018.12.10-15.35.59:011][  0]LogMaterial: Verifying Global Shaders for PCD3D_SM5
[2018.12.10-15.35.59:013][  0]LogSlate: Using FreeType 2.6.0
[2018.12.10-15.35.59:013][  0]LogSlate: SlateFontServices - WITH_FREETYPE: 1, WITH_HARFBUZZ: 1
[2018.12.10-15.35.59:130][  0]LogInit: Using OS detected language (pl-PL).
[2018.12.10-15.35.59:130][  0]LogInit: Using OS detected locale (pl-PL).
[2018.12.10-15.35.59:131][  0]LogTextLocalizationManager: No localization for 'pl-PL' exists, so 'en' will be used for the language.
[2018.12.10-15.35.59:131][  0]LogTextLocalizationManager: No localization for 'pl-PL' exists, so 'en' will be used for the locale.
[2018.12.10-15.35.59:131][  0]LogSlate: FontCache flush requested. Reason: Culture for localization was changed
[2018.12.10-15.35.59:131][  0]LogSlate: FontCache flush requested. Reason: Culture for localization was changed
[2018.12.10-15.35.59:533][  0]LogStreaming: Display: Took  0.403s to InitGameTextLocalization.
[2018.12.10-15.35.59:540][  0]LogAssetRegistry: FAssetRegistry took 0.0038 seconds to start up
[2018.12.10-15.35.59:750][  0]LogPackageLocalizationCache: Processed 11 localized package path(s) for 1 prioritized culture(s) in 0.015713 seconds
[2018.12.10-15.35.59:847][  0]LogInit: Selected Device Profile: [Windows]
[2018.12.10-15.36.00:002][  0]LogSimplygon: Simplygon DLL not present - disabling.
[2018.12.10-15.36.00:006][  0]LogMeshReduction: Using SimplygonSwarm for distributed automatic mesh merging
[2018.12.10-15.36.00:006][  0]LogMeshReduction: Using ProxyLODMeshReduction for automatic mesh merging
[2018.12.10-15.36.00:006][  0]LogMeshReduction: Using QuadricMeshReduction for automatic static mesh reduction
[2018.12.10-15.36.00:006][  0]LogMeshReduction: No automatic skeletal mesh reduction module available
[2018.12.10-15.36.00:019][  0]LogNetVersion: TeyonPong 1.0.0, NetCL: 4541578, EngineNetVer: 5, GameNetVer: 0 (Checksum: 2572377658)
[2018.12.10-15.36.00:631][  0]LogMoviePlayer: Initializing movie player
[2018.12.10-15.36.00:736][  0]LogTcpMessaging: Initializing TcpMessaging bridge
[2018.12.10-15.36.00:748][  0]LogUdpMessaging: Initializing bridge on interface 0.0.0.0:0 to multicast group 230.0.0.1:6666.
[2018.12.10-15.36.00:834][  0]SourceControl: Source control is disabled
[2018.12.10-15.36.00:834][  0]SourceControl: Source control is disabled
[2018.12.10-15.36.00:834][  0]SourceControl: Source control is disabled
[2018.12.10-15.36.00:944][  0]LogAndroidPermission: UAndroidPermissionCallbackProxy::GetInstance
[2018.12.10-15.36.00:999][  0]LogOcInput: OculusInput pre-init called
[2018.12.10-15.36.01:008][  0]LogUObjectArray: 43272 objects as part of root set at end of initial load.
[2018.12.10-15.36.01:008][  0]LogUObjectAllocator: 7619624 out of 0 bytes used by permanent object pool.
[2018.12.10-15.36.01:008][  0]LogUObjectArray: CloseDisregardForGC: 0/0 objects in disregard for GC pool
[2018.12.10-15.36.01:129][  0]LogEngine: Initializing Engine...
[2018.12.10-15.36.01:130][  0]LogHMD: Failed to initialize OpenVR with code 110
[2018.12.10-15.36.01:141][  0]LogStats: UGameplayTagsManager::ConstructGameplayTagTree: ImportINI prefixes -  0.000 s
[2018.12.10-15.36.01:141][  0]LogStats: UGameplayTagsManager::ConstructGameplayTagTree: Construct from data asset -  0.000 s
[2018.12.10-15.36.01:141][  0]LogStats: UGameplayTagsManager::ConstructGameplayTagTree: ImportINI -  0.000 s
[2018.12.10-15.36.01:141][  0]LogStats: UGameplayTagsManager::ConstructGameplayTagTree: GameplayTagTreeChangedEvent.Broadcast -  0.000 s
[2018.12.10-15.36.01:345][  0]LogInit: Initializing FReadOnlyCVARCache
[2018.12.10-15.36.01:357][  0]LogInit: XAudio2 using 'Głośniki (Realtek High Definition Audio)' : 2 channels at 48 kHz using 32 bits per sample (channel mask 0x3)
[2018.12.10-15.36.01:370][  0]LogInit: FAudioDevice initialized.
[2018.12.10-15.36.01:381][  0]LogNetVersion: Set ProjectVersion to 1.0.0.0. Version Checksum will be recalculated on next use.
[2018.12.10-15.36.01:386][  0]LogInit: Texture streaming: Enabled
[2018.12.10-15.36.01:546][  0]LogSlate: Updating window title bar state: overlay mode, drag disabled, window buttons hidden, title bar hidden
[2018.12.10-15.36.01:546][  0]LogInit: Display: Game Engine Initialized.
[2018.12.10-15.36.01:546][  0]LogGameplayTags: Display: UGameplayTagsManager::DoneAddingNativeTags. DelegateIsBound: 0
[2018.12.10-15.36.01:546][  0]LogStats: UGameplayTagsManager::ConstructGameplayTagTree: ImportINI prefixes -  0.000 s
[2018.12.10-15.36.01:546][  0]LogStats: UGameplayTagsManager::ConstructGameplayTagTree: Construct from data asset -  0.000 s
[2018.12.10-15.36.01:546][  0]LogStats: UGameplayTagsManager::ConstructGameplayTagTree: ImportINI -  0.000 s
[2018.12.10-15.36.01:546][  0]LogStats: UGameplayTagsManager::ConstructGameplayTagTree: GameplayTagTreeChangedEvent.Broadcast -  0.000 s
[2018.12.10-15.36.01:560][  0]LogInit: Display: Starting Game.
[2018.12.10-15.36.01:560][  0]LogNet: Browse: /Game/Maps/MainMenu?Name=Player
[2018.12.10-15.36.01:560][  0]LogLoad: LoadMap: /Game/Maps/MainMenu?Name=Player
[2018.12.10-15.36.01:660][  0]LogAIModule: Creating AISystem for world MainMenu
[2018.12.10-15.36.01:660][  0]LogLoad: Game class is 'BP_MenuGameMode_C'
[2018.12.10-15.36.01:661][  0]LogWorld: Bringing World /Game/Maps/MainMenu.MainMenu up for play (max tick rate 0) at 2018.12.10-16.36.01
[2018.12.10-15.36.01:661][  0]LogWorld: Bringing up level for play took: 0.000710
[2018.12.10-15.36.01:662][  0]LogGameMode: FindPlayerStart: PATHS NOT DEFINED or NO PLAYERSTART with positive rating
[2018.12.10-15.36.01:669][  0]LogLoad: Took 0.109155 seconds to LoadMap(/Game/Maps/MainMenu)
[2018.12.10-15.36.01:727][  0]LogRenderer: Reallocating scene render targets to support 1280x720 Format 10 NumSamples 1 (Frame:1).
[2018.12.10-15.36.01:727][  0]LogLoad: (Engine Initialization) Total time: 5.96 seconds
[2018.12.10-15.36.01:727][  0]LogLoad: (Engine Initialization) Total Blueprint compile time: 0.00 seconds
[2018.12.10-15.36.01:753][  0]LogContentStreaming: Texture pool size now 1000 MB
[2018.12.10-15.36.01:755][  0]LogSlate: FSceneViewport::OnFocusLost() reason 2
[2018.12.10-15.36.04:907][186]LogSlate: Updating window title bar state: overlay mode, drag disabled, window buttons hidden, title bar hidden
[2018.12.10-15.36.04:907][186]LogNet: Browse: /Game/Maps/GameMap
[2018.12.10-15.36.04:907][186]LogLoad: LoadMap: /Game/Maps/GameMap
[2018.12.10-15.36.04:945][186]LogAIModule: Creating AISystem for world GameMap
[2018.12.10-15.36.04:945][186]LogLoad: Game class is 'TeyonPongGameModeBase'
[2018.12.10-15.36.04:947][186]LogWorld: Bringing World /Game/Maps/GameMap.GameMap up for play (max tick rate 0) at 2018.12.10-16.36.04
[2018.12.10-15.36.04:947][186]LogWorld: Bringing up level for play took: 0.001517
[2018.12.10-15.36.04:947][186]LogGameMode: FindPlayerStart: PATHS NOT DEFINED or NO PLAYERSTART with positive rating
[2018.12.10-15.36.04:948][186]LogSlate: New Slate User Created.  User Index 1, Is Virtual User: 0
[2018.12.10-15.36.04:948][186]LogSlate: Slate User Registered.  User Index 1, Is Virtual User: 0
[2018.12.10-15.36.04:949][186]LogGameMode: FindPlayerStart: PATHS NOT DEFINED or NO PLAYERSTART with positive rating
[2018.12.10-15.36.04:953][186]LogLoad: Took 0.045924 seconds to LoadMap(/Game/Maps/GameMap)
[2018.12.10-15.36.16:677][911]LogNet: Browse: /Game/Maps/EndMenu
[2018.12.10-15.36.16:677][911]LogLoad: LoadMap: /Game/Maps/EndMenu
[2018.12.10-15.36.16:743][911]LogAIModule: Creating AISystem for world EndMenu
[2018.12.10-15.36.16:744][911]LogLoad: Game class is 'BP_EndGameMode_C'
[2018.12.10-15.36.16:744][911]LogWorld: Bringing World /Game/Maps/EndMenu.EndMenu up for play (max tick rate 0) at 2018.12.10-16.36.16
[2018.12.10-15.36.16:744][911]LogWorld: Bringing up level for play took: 0.000375
[2018.12.10-15.36.16:745][911]LogGameMode: FindPlayerStart: PATHS NOT DEFINED or NO PLAYERSTART with positive rating
[2018.12.10-15.36.16:745][911]LogGameMode: FindPlayerStart: PATHS NOT DEFINED or NO PLAYERSTART with positive rating
[2018.12.10-15.36.16:747][911]LogLoad: Took 0.069716 seconds to LoadMap(/Game/Maps/EndMenu)
[2018.12.10-15.36.16:748][911]LogSlate: FSceneViewport::OnFocusLost() reason 2
[2018.12.10-15.36.20:722][156]LogNet: Browse: /Game/Maps/MainMenu.GameMap
[2018.12.10-15.36.20:722][156]LogLoad: LoadMap: /Game/Maps/MainMenu.GameMap
[2018.12.10-15.36.20:805][156]LogAIModule: Creating AISystem for world MainMenu
[2018.12.10-15.36.20:806][156]LogLoad: Game class is 'BP_MenuGameMode_C'
[2018.12.10-15.36.20:807][156]LogWorld: Bringing World /Game/Maps/MainMenu.MainMenu up for play (max tick rate 0) at 2018.12.10-16.36.20
[2018.12.10-15.36.20:807][156]LogWorld: Bringing up level for play took: 0.000395
[2018.12.10-15.36.20:807][156]LogLongPackageNames: Warning: URL: Game/Maps/MainMenu.GameMap: Name may not contain the following characters: '.'
[2018.12.10-15.36.20:808][156]LogGameMode: FindPlayerStart: PATHS NOT DEFINED or NO PLAYERSTART with positive rating
[2018.12.10-15.36.20:808][156]LogLongPackageNames: Warning: URL: Game/Maps/MainMenu.GameMap: Name may not contain the following characters: '.'
[2018.12.10-15.36.20:809][156]LogGameMode: FindPlayerStart: PATHS NOT DEFINED or NO PLAYERSTART with positive rating
[2018.12.10-15.36.20:812][156]LogLoad: Took 0.089325 seconds to LoadMap(/Game/Maps/MainMenu.GameMap)
[2018.12.10-15.36.29:128][668]LogSlate: Updating window title bar state: overlay mode, drag disabled, window buttons hidden, title bar hidden
[2018.12.10-15.36.29:128][668]LogNet: Browse: /Game/Maps/GameMap
[2018.12.10-15.36.29:128][668]LogLoad: LoadMap: /Game/Maps/GameMap
[2018.12.10-15.36.29:169][668]LogAIModule: Creating AISystem for world GameMap
[2018.12.10-15.36.29:169][668]LogLoad: Game class is 'TeyonPongGameModeBase'
[2018.12.10-15.36.29:170][668]LogWorld: Bringing World /Game/Maps/GameMap.GameMap up for play (max tick rate 0) at 2018.12.10-16.36.29
[2018.12.10-15.36.29:170][668]LogWorld: Bringing up level for play took: 0.000740
[2018.12.10-15.36.29:170][668]LogGameMode: FindPlayerStart: PATHS NOT DEFINED or NO PLAYERSTART with positive rating
[2018.12.10-15.36.29:171][668]LogGameMode: FindPlayerStart: PATHS NOT DEFINED or NO PLAYERSTART with positive rating
[2018.12.10-15.36.29:171][668]LogPlayerManagement: Error: Failed to Create Player: A local player already exists for controller ID 1,
[2018.12.10-15.36.29:649][668]LogWindows: Error: === Critical error: ===
[2018.12.10-15.36.29:649][668]LogWindows: Error: 
[2018.12.10-15.36.29:649][668]LogWindows: Error: Fatal error!
[2018.12.10-15.36.29:649][668]LogWindows: Error: 
[2018.12.10-15.36.29:649][668]LogWindows: Error: Unhandled Exception: EXCEPTION_ACCESS_VIOLATION reading address 0x00000428
[2018.12.10-15.36.29:649][668]LogWindows: Error: 
[2018.12.10-15.36.29:649][668]LogWindows: Error: [Callstack] 0x000007fea489a273 UE4Editor-TeyonPong-5645.dll!UnknownFunction []
[2018.12.10-15.36.29:649][668]LogWindows: Error: [Callstack] 0x000007fede0c6ede UE4Editor-Engine.dll!UnknownFunction []
[2018.12.10-15.36.29:649][668]LogWindows: Error: [Callstack] 0x000007feddfc517d UE4Editor-Engine.dll!UnknownFunction []
[2018.12.10-15.36.29:649][668]LogWindows: Error: [Callstack] 0x000007feddf54e33 UE4Editor-Engine.dll!UnknownFunction []
[2018.12.10-15.36.29:649][668]LogWindows: Error: [Callstack] 0x000007feddffde8d UE4Editor-Engine.dll!UnknownFunction []
[2018.12.10-15.36.29:649][668]LogWindows: Error: [Callstack] 0x000007fedd47f386 UE4Editor-Engine.dll!UnknownFunction []
[2018.12.10-15.36.29:649][668]LogWindows: Error: [Callstack] 0x000000013f046225 UE4Editor.exe!UnknownFunction []
[2018.12.10-15.36.29:649][668]LogWindows: Error: [Callstack] 0x000000013f05596c UE4Editor.exe!UnknownFunction []
[2018.12.10-15.36.29:649][668]LogWindows: Error: [Callstack] 0x000000013f0559ea UE4Editor.exe!UnknownFunction []
[2018.12.10-15.36.29:649][668]LogWindows: Error: [Callstack] 0x000000013f0648da UE4Editor.exe!UnknownFunction []
[2018.12.10-15.36.29:649][668]LogWindows: Error: [Callstack] 0x000000013f06659a UE4Editor.exe!UnknownFunction []
[2018.12.10-15.36.29:649][668]LogWindows: Error: [Callstack] 0x0000000076ed652d kernel32.dll!UnknownFunction []
[2018.12.10-15.36.29:649][668]LogWindows: Error: [Callstack] 0x000000007710c541 ntdll.dll!UnknownFunction []
[2018.12.10-15.36.29:649][668]LogWindows: Error: 
[2018.12.10-15.36.29:659][668]LogExit: Executing StaticShutdownAfterError
[2018.12.10-15.36.29:660][668]LogWindows: FPlatformMisc::RequestExit(1)
[2018.12.10-15.36.29:669][668]Log file closed, 12/10/18 16:36:29
